2015-05-21 18:06:26 Error: [MissingViewException] View file "Home/index.ctp" is missing.
Exception Attributes: array (
  'file' => 'Home/index.ctp',
)
Request URL: /
Stack Trace:
#0 /Users/minghui/Documents/Project/trial/lib/Cake/View/View.php(470): View->_getViewFileName(NULL)
#1 /Users/minghui/Documents/Project/trial/lib/Cake/Controller/Controller.php(960): View->render(NULL, NULL)
#2 /Users/minghui/Documents/Project/trial/lib/Cake/Routing/Dispatcher.php(200): Controller->render()
#3 /Users/minghui/Documents/Project/trial/lib/Cake/Routing/Dispatcher.php(167): Dispatcher->_invoke(Object(HomeController), Object(CakeRequest))
#4 /Users/minghui/Documents/Project/trial/app/webroot/index.php(118): Dispatcher->dispatch(Object(CakeRequest), Object(CakeResponse))
#5 {main}
2015-05-21 18:06:44 Error: [MissingViewException] View file "Home/index.ctp" is missing.
Exception Attributes: array (
  'file' => 'Home/index.ctp',
)
Request URL: /
Stack Trace:
#0 /Users/minghui/Documents/Project/trial/lib/Cake/View/View.php(470): View->_getViewFileName(NULL)
#1 /Users/minghui/Documents/Project/trial/lib/Cake/Controller/Controller.php(960): View->render(NULL, NULL)
#2 /Users/minghui/Documents/Project/trial/lib/Cake/Routing/Dispatcher.php(200): Controller->render()
#3 /Users/minghui/Documents/Project/trial/lib/Cake/Routing/Dispatcher.php(167): Dispatcher->_invoke(Object(HomeController), Object(CakeRequest))
#4 /Users/minghui/Documents/Project/trial/app/webroot/index.php(118): Dispatcher->dispatch(Object(CakeRequest), Object(CakeResponse))
#5 {main}
2015-05-21 18:11:46 Error: [MissingViewException] View file "Layouts/metronic_new.ctp" is missing.
Exception Attributes: array (
  'file' => 'Layouts/metronic_new.ctp',
)
Request URL: /
Stack Trace:
#0 /Users/minghui/Documents/Project/trial/lib/Cake/View/View.php(722): View->_getViewFileName('/Layouts/metron...')
#1 /Users/minghui/Documents/Project/trial/app/View/Layouts/default.ctp(63): View->extend('/Layouts/metron...')
#2 /Users/minghui/Documents/Project/trial/lib/Cake/View/View.php(961): include('/Users/minghui/...')
#3 /Users/minghui/Documents/Project/trial/lib/Cake/View/View.php(923): View->_evaluate('/Users/minghui/...', Array)
#4 /Users/minghui/Documents/Project/trial/lib/Cake/View/View.php(546): View->_render('/Users/minghui/...')
#5 /Users/minghui/Documents/Project/trial/lib/Cake/View/View.php(481): View->renderLayout('', 'default')
#6 /Users/minghui/Documents/Project/trial/lib/Cake/Controller/Controller.php(960): View->render(NULL, NULL)
#7 /Users/minghui/Documents/Project/trial/lib/Cake/Routing/Dispatcher.php(200): Controller->render()
#8 /Users/minghui/Documents/Project/trial/lib/Cake/Routing/Dispatcher.php(167): Dispatcher->_invoke(Object(HomeController), Object(CakeRequest))
#9 /Users/minghui/Documents/Project/trial/app/webroot/index.php(118): Dispatcher->dispatch(Object(CakeRequest), Object(CakeResponse))
#10 {main}
2015-05-21 18:11:49 Error: Fatal Error (1): Allowed memory size of 33554432 bytes exhausted (tried to allocate 262144 bytes) in [/Users/minghui/Documents/Project/trial/lib/Cake/Utility/Debugger.php, line 801]
2015-05-21 18:11:49 Error: [FatalErrorException] Allowed memory size of 33554432 bytes exhausted (tried to allocate 262144 bytes)
Request URL: /
Stack Trace:
#0 /Users/minghui/Documents/Project/trial/lib/Cake/Error/ErrorHandler.php(213): ErrorHandler::handleFatalError(1, 'Allowed memory ...', '/Users/minghui/...', 801)
#1 [internal function]: ErrorHandler::handleError(1, 'Allowed memory ...', '/Users/minghui/...', 801, Array)
#2 /Users/minghui/Documents/Project/trial/lib/Cake/Core/App.php(933): call_user_func('ErrorHandler::h...', 1, 'Allowed memory ...', '/Users/minghui/...', 801, Array)
#3 /Users/minghui/Documents/Project/trial/lib/Cake/Core/App.php(906): App::_checkFatalError()
#4 [internal function]: App::shutdown()
#5 {main}
2015-05-21 18:11:58 Error: [MissingControllerException] Controller class ImgController could not be found.
Exception Attributes: array (
  'class' => 'ImgController',
  'plugin' => NULL,
)
Request URL: /img/LOGOSITE
Stack Trace:
#0 /Users/minghui/Documents/Project/trial/app/webroot/index.php(118): Dispatcher->dispatch(Object(CakeRequest), Object(CakeResponse))
#1 {main}
2020-04-02 15:58:23 Error: Fatal Error (64): Cannot use 'String' as class name as it is reserved in [C:\xampp\htdocs\cake-php\Dewtouch-interview-neat\Dewtouch-interview\lib\Cake\Utility\String.php, line 24]
2020-04-02 15:58:24 Error: [FatalErrorException] Cannot use 'String' as class name as it is reserved
Stack Trace:
#0 C:\xampp\htdocs\cake-php\Dewtouch-interview-neat\Dewtouch-interview\lib\Cake\Error\ErrorHandler.php(213): ErrorHandler::handleFatalError(64, 'Cannot use 'Str...', 'C:\\xampp\\htdocs...', 24)
#1 C:\xampp\htdocs\cake-php\Dewtouch-interview-neat\Dewtouch-interview\lib\Cake\Core\App.php(933): ErrorHandler::handleError(64, 'Cannot use 'Str...', 'C:\\xampp\\htdocs...', 24, Array)
#2 C:\xampp\htdocs\cake-php\Dewtouch-interview-neat\Dewtouch-interview\lib\Cake\Core\App.php(906): App::_checkFatalError()
#3 [internal function]: App::shutdown()
#4 {main}
2020-04-02 15:58:24 Error: Fatal Error (64): Cannot use 'String' as class name as it is reserved in [C:\xampp\htdocs\cake-php\Dewtouch-interview-neat\Dewtouch-interview\lib\Cake\Utility\String.php, line 24]
2020-04-02 15:58:24 Error: [FatalErrorException] Cannot use 'String' as class name as it is reserved
Stack Trace:
#0 C:\xampp\htdocs\cake-php\Dewtouch-interview-neat\Dewtouch-interview\lib\Cake\Error\ErrorHandler.php(213): ErrorHandler::handleFatalError(64, 'Cannot use 'Str...', 'C:\\xampp\\htdocs...', 24)
#1 C:\xampp\htdocs\cake-php\Dewtouch-interview-neat\Dewtouch-interview\lib\Cake\Core\App.php(933): ErrorHandler::handleError(64, 'Cannot use 'Str...', 'C:\\xampp\\htdocs...', 24, Array)
#2 C:\xampp\htdocs\cake-php\Dewtouch-interview-neat\Dewtouch-interview\lib\Cake\Core\App.php(906): App::_checkFatalError()
#3 [internal function]: App::shutdown()
#4 {main}
2020-04-02 15:58:26 Error: Fatal Error (64): Cannot use 'String' as class name as it is reserved in [C:\xampp\htdocs\cake-php\Dewtouch-interview-neat\Dewtouch-interview\lib\Cake\Utility\String.php, line 24]
2020-04-02 15:58:26 Error: [FatalErrorException] Cannot use 'String' as class name as it is reserved
Stack Trace:
#0 C:\xampp\htdocs\cake-php\Dewtouch-interview-neat\Dewtouch-interview\lib\Cake\Error\ErrorHandler.php(213): ErrorHandler::handleFatalError(64, 'Cannot use 'Str...', 'C:\\xampp\\htdocs...', 24)
#1 C:\xampp\htdocs\cake-php\Dewtouch-interview-neat\Dewtouch-interview\lib\Cake\Core\App.php(933): ErrorHandler::handleError(64, 'Cannot use 'Str...', 'C:\\xampp\\htdocs...', 24, Array)
#2 C:\xampp\htdocs\cake-php\Dewtouch-interview-neat\Dewtouch-interview\lib\Cake\Core\App.php(906): App::_checkFatalError()
#3 [internal function]: App::shutdown()
#4 {main}
2020-04-02 15:58:30 Error: Fatal Error (64): Cannot use 'String' as class name as it is reserved in [C:\xampp\htdocs\cake-php\Dewtouch-interview-neat\Dewtouch-interview\lib\Cake\Utility\String.php, line 24]
2020-04-02 15:58:30 Error: Fatal Error (64): Cannot use 'String' as class name as it is reserved in [C:\xampp\htdocs\cake-php\Dewtouch-interview-neat\Dewtouch-interview\lib\Cake\Utility\String.php, line 24]
2020-04-02 15:58:30 Error: [FatalErrorException] Cannot use 'String' as class name as it is reserved
Stack Trace:
#0 C:\xampp\htdocs\cake-php\Dewtouch-interview-neat\Dewtouch-interview\lib\Cake\Error\ErrorHandler.php(213): ErrorHandler::handleFatalError(64, 'Cannot use 'Str...', 'C:\\xampp\\htdocs...', 24)
#1 C:\xampp\htdocs\cake-php\Dewtouch-interview-neat\Dewtouch-interview\lib\Cake\Core\App.php(933): ErrorHandler::handleError(64, 'Cannot use 'Str...', 'C:\\xampp\\htdocs...', 24, Array)
#2 C:\xampp\htdocs\cake-php\Dewtouch-interview-neat\Dewtouch-interview\lib\Cake\Core\App.php(906): App::_checkFatalError()
#3 [internal function]: App::shutdown()
#4 {main}
2020-04-02 15:58:30 Error: [FatalErrorException] Cannot use 'String' as class name as it is reserved
Stack Trace:
#0 C:\xampp\htdocs\cake-php\Dewtouch-interview-neat\Dewtouch-interview\lib\Cake\Error\ErrorHandler.php(213): ErrorHandler::handleFatalError(64, 'Cannot use 'Str...', 'C:\\xampp\\htdocs...', 24)
#1 C:\xampp\htdocs\cake-php\Dewtouch-interview-neat\Dewtouch-interview\lib\Cake\Core\App.php(933): ErrorHandler::handleError(64, 'Cannot use 'Str...', 'C:\\xampp\\htdocs...', 24, Array)
#2 C:\xampp\htdocs\cake-php\Dewtouch-interview-neat\Dewtouch-interview\lib\Cake\Core\App.php(906): App::_checkFatalError()
#3 [internal function]: App::shutdown()
#4 {main}
2020-04-02 15:58:30 Error: Fatal Error (64): Cannot use 'String' as class name as it is reserved in [C:\xampp\htdocs\cake-php\Dewtouch-interview-neat\Dewtouch-interview\lib\Cake\Utility\String.php, line 24]
2020-04-02 15:58:30 Error: [FatalErrorException] Cannot use 'String' as class name as it is reserved
Stack Trace:
#0 C:\xampp\htdocs\cake-php\Dewtouch-interview-neat\Dewtouch-interview\lib\Cake\Error\ErrorHandler.php(213): ErrorHandler::handleFatalError(64, 'Cannot use 'Str...', 'C:\\xampp\\htdocs...', 24)
#1 C:\xampp\htdocs\cake-php\Dewtouch-interview-neat\Dewtouch-interview\lib\Cake\Core\App.php(933): ErrorHandler::handleError(64, 'Cannot use 'Str...', 'C:\\xampp\\htdocs...', 24, Array)
#2 C:\xampp\htdocs\cake-php\Dewtouch-interview-neat\Dewtouch-interview\lib\Cake\Core\App.php(906): App::_checkFatalError()
#3 [internal function]: App::shutdown()
#4 {main}
2020-04-02 15:58:31 Error: Fatal Error (64): Cannot use 'String' as class name as it is reserved in [C:\xampp\htdocs\cake-php\Dewtouch-interview-neat\Dewtouch-interview\lib\Cake\Utility\String.php, line 24]
2020-04-02 15:58:31 Error: [FatalErrorException] Cannot use 'String' as class name as it is reserved
Stack Trace:
#0 C:\xampp\htdocs\cake-php\Dewtouch-interview-neat\Dewtouch-interview\lib\Cake\Error\ErrorHandler.php(213): ErrorHandler::handleFatalError(64, 'Cannot use 'Str...', 'C:\\xampp\\htdocs...', 24)
#1 C:\xampp\htdocs\cake-php\Dewtouch-interview-neat\Dewtouch-interview\lib\Cake\Core\App.php(933): ErrorHandler::handleError(64, 'Cannot use 'Str...', 'C:\\xampp\\htdocs...', 24, Array)
#2 C:\xampp\htdocs\cake-php\Dewtouch-interview-neat\Dewtouch-interview\lib\Cake\Core\App.php(906): App::_checkFatalError()
#3 [internal function]: App::shutdown()
#4 {main}
2020-04-02 15:58:41 Error: Fatal Error (64): Cannot use 'String' as class name as it is reserved in [C:\xampp\htdocs\cake-php\Dewtouch-interview-neat\Dewtouch-interview\lib\Cake\Utility\String.php, line 24]
2020-04-02 15:58:41 Error: [FatalErrorException] Cannot use 'String' as class name as it is reserved
Stack Trace:
#0 C:\xampp\htdocs\cake-php\Dewtouch-interview-neat\Dewtouch-interview\lib\Cake\Error\ErrorHandler.php(213): ErrorHandler::handleFatalError(64, 'Cannot use 'Str...', 'C:\\xampp\\htdocs...', 24)
#1 C:\xampp\htdocs\cake-php\Dewtouch-interview-neat\Dewtouch-interview\lib\Cake\Core\App.php(933): ErrorHandler::handleError(64, 'Cannot use 'Str...', 'C:\\xampp\\htdocs...', 24, Array)
#2 C:\xampp\htdocs\cake-php\Dewtouch-interview-neat\Dewtouch-interview\lib\Cake\Core\App.php(906): App::_checkFatalError()
#3 [internal function]: App::shutdown()
#4 {main}
2020-04-02 16:36:08 Error: Fatal Error (64): Cannot use 'String' as class name as it is reserved in [C:\xampp\htdocs\cake-php\dewtouch-cakephp-test\lib\Cake\Utility\String.php, line 24]
2020-04-02 16:36:08 Error: [FatalErrorException] Cannot use 'String' as class name as it is reserved
Stack Trace:
#0 C:\xampp\htdocs\cake-php\dewtouch-cakephp-test\lib\Cake\Error\ErrorHandler.php(213): ErrorHandler::handleFatalError(64, 'Cannot use 'Str...', 'C:\\xampp\\htdocs...', 24)
#1 C:\xampp\htdocs\cake-php\dewtouch-cakephp-test\lib\Cake\Core\App.php(933): ErrorHandler::handleError(64, 'Cannot use 'Str...', 'C:\\xampp\\htdocs...', 24, Array)
#2 C:\xampp\htdocs\cake-php\dewtouch-cakephp-test\lib\Cake\Core\App.php(906): App::_checkFatalError()
#3 [internal function]: App::shutdown()
#4 {main}
2020-04-02 16:36:08 Error: Fatal Error (64): Cannot use 'String' as class name as it is reserved in [C:\xampp\htdocs\cake-php\dewtouch-cakephp-test\lib\Cake\Utility\String.php, line 24]
2020-04-02 16:36:08 Error: [FatalErrorException] Cannot use 'String' as class name as it is reserved
Stack Trace:
#0 C:\xampp\htdocs\cake-php\dewtouch-cakephp-test\lib\Cake\Error\ErrorHandler.php(213): ErrorHandler::handleFatalError(64, 'Cannot use 'Str...', 'C:\\xampp\\htdocs...', 24)
#1 C:\xampp\htdocs\cake-php\dewtouch-cakephp-test\lib\Cake\Core\App.php(933): ErrorHandler::handleError(64, 'Cannot use 'Str...', 'C:\\xampp\\htdocs...', 24, Array)
#2 C:\xampp\htdocs\cake-php\dewtouch-cakephp-test\lib\Cake\Core\App.php(906): App::_checkFatalError()
#3 [internal function]: App::shutdown()
#4 {main}
2020-04-02 16:36:10 Error: Fatal Error (64): Cannot use 'String' as class name as it is reserved in [C:\xampp\htdocs\cake-php\dewtouch-cakephp-test\lib\Cake\Utility\String.php, line 24]
2020-04-02 16:36:10 Error: [FatalErrorException] Cannot use 'String' as class name as it is reserved
Stack Trace:
#0 C:\xampp\htdocs\cake-php\dewtouch-cakephp-test\lib\Cake\Error\ErrorHandler.php(213): ErrorHandler::handleFatalError(64, 'Cannot use 'Str...', 'C:\\xampp\\htdocs...', 24)
#1 C:\xampp\htdocs\cake-php\dewtouch-cakephp-test\lib\Cake\Core\App.php(933): ErrorHandler::handleError(64, 'Cannot use 'Str...', 'C:\\xampp\\htdocs...', 24, Array)
#2 C:\xampp\htdocs\cake-php\dewtouch-cakephp-test\lib\Cake\Core\App.php(906): App::_checkFatalError()
#3 [internal function]: App::shutdown()
#4 {main}
2020-04-02 16:36:10 Error: Fatal Error (64): Cannot use 'String' as class name as it is reserved in [C:\xampp\htdocs\cake-php\dewtouch-cakephp-test\lib\Cake\Utility\String.php, line 24]
2020-04-02 16:36:10 Error: [FatalErrorException] Cannot use 'String' as class name as it is reserved
Stack Trace:
#0 C:\xampp\htdocs\cake-php\dewtouch-cakephp-test\lib\Cake\Error\ErrorHandler.php(213): ErrorHandler::handleFatalError(64, 'Cannot use 'Str...', 'C:\\xampp\\htdocs...', 24)
#1 C:\xampp\htdocs\cake-php\dewtouch-cakephp-test\lib\Cake\Core\App.php(933): ErrorHandler::handleError(64, 'Cannot use 'Str...', 'C:\\xampp\\htdocs...', 24, Array)
#2 C:\xampp\htdocs\cake-php\dewtouch-cakephp-test\lib\Cake\Core\App.php(906): App::_checkFatalError()
#3 [internal function]: App::shutdown()
#4 {main}
2020-04-02 16:36:10 Error: Fatal Error (64): Cannot use 'String' as class name as it is reserved in [C:\xampp\htdocs\cake-php\dewtouch-cakephp-test\lib\Cake\Utility\String.php, line 24]
2020-04-02 16:36:10 Error: [FatalErrorException] Cannot use 'String' as class name as it is reserved
Stack Trace:
#0 C:\xampp\htdocs\cake-php\dewtouch-cakephp-test\lib\Cake\Error\ErrorHandler.php(213): ErrorHandler::handleFatalError(64, 'Cannot use 'Str...', 'C:\\xampp\\htdocs...', 24)
#1 C:\xampp\htdocs\cake-php\dewtouch-cakephp-test\lib\Cake\Core\App.php(933): ErrorHandler::handleError(64, 'Cannot use 'Str...', 'C:\\xampp\\htdocs...', 24, Array)
#2 C:\xampp\htdocs\cake-php\dewtouch-cakephp-test\lib\Cake\Core\App.php(906): App::_checkFatalError()
#3 [internal function]: App::shutdown()
#4 {main}
2020-04-02 16:36:11 Error: Fatal Error (64): Cannot use 'String' as class name as it is reserved in [C:\xampp\htdocs\cake-php\dewtouch-cakephp-test\lib\Cake\Utility\String.php, line 24]
2020-04-02 16:36:11 Error: [FatalErrorException] Cannot use 'String' as class name as it is reserved
Stack Trace:
#0 C:\xampp\htdocs\cake-php\dewtouch-cakephp-test\lib\Cake\Error\ErrorHandler.php(213): ErrorHandler::handleFatalError(64, 'Cannot use 'Str...', 'C:\\xampp\\htdocs...', 24)
#1 C:\xampp\htdocs\cake-php\dewtouch-cakephp-test\lib\Cake\Core\App.php(933): ErrorHandler::handleError(64, 'Cannot use 'Str...', 'C:\\xampp\\htdocs...', 24, Array)
#2 C:\xampp\htdocs\cake-php\dewtouch-cakephp-test\lib\Cake\Core\App.php(906): App::_checkFatalError()
#3 [internal function]: App::shutdown()
#4 {main}
2020-04-02 16:45:09 Error: Fatal Error (64): Cannot use 'String' as class name as it is reserved in [C:\xampp\htdocs\cake-php\dewtouch-cakephp-test\lib\Cake\Utility\String.php, line 24]
2020-04-02 16:45:09 Error: [FatalErrorException] Cannot use 'String' as class name as it is reserved
Stack Trace:
#0 C:\xampp\htdocs\cake-php\dewtouch-cakephp-test\lib\Cake\Error\ErrorHandler.php(213): ErrorHandler::handleFatalError(64, 'Cannot use 'Str...', 'C:\\xampp\\htdocs...', 24)
#1 C:\xampp\htdocs\cake-php\dewtouch-cakephp-test\lib\Cake\Core\App.php(933): ErrorHandler::handleError(64, 'Cannot use 'Str...', 'C:\\xampp\\htdocs...', 24, Array)
#2 C:\xampp\htdocs\cake-php\dewtouch-cakephp-test\lib\Cake\Core\App.php(906): App::_checkFatalError()
#3 [internal function]: App::shutdown()
#4 {main}
2020-04-02 16:45:10 Error: Fatal Error (64): Cannot use 'String' as class name as it is reserved in [C:\xampp\htdocs\cake-php\dewtouch-cakephp-test\lib\Cake\Utility\String.php, line 24]
2020-04-02 16:45:10 Error: [FatalErrorException] Cannot use 'String' as class name as it is reserved
Stack Trace:
#0 C:\xampp\htdocs\cake-php\dewtouch-cakephp-test\lib\Cake\Error\ErrorHandler.php(213): ErrorHandler::handleFatalError(64, 'Cannot use 'Str...', 'C:\\xampp\\htdocs...', 24)
#1 C:\xampp\htdocs\cake-php\dewtouch-cakephp-test\lib\Cake\Core\App.php(933): ErrorHandler::handleError(64, 'Cannot use 'Str...', 'C:\\xampp\\htdocs...', 24, Array)
#2 C:\xampp\htdocs\cake-php\dewtouch-cakephp-test\lib\Cake\Core\App.php(906): App::_checkFatalError()
#3 [internal function]: App::shutdown()
#4 {main}
2020-04-02 16:45:10 Error: Fatal Error (64): Cannot use 'String' as class name as it is reserved in [C:\xampp\htdocs\cake-php\dewtouch-cakephp-test\lib\Cake\Utility\String.php, line 24]
2020-04-02 16:45:10 Error: [FatalErrorException] Cannot use 'String' as class name as it is reserved
Stack Trace:
#0 C:\xampp\htdocs\cake-php\dewtouch-cakephp-test\lib\Cake\Error\ErrorHandler.php(213): ErrorHandler::handleFatalError(64, 'Cannot use 'Str...', 'C:\\xampp\\htdocs...', 24)
#1 C:\xampp\htdocs\cake-php\dewtouch-cakephp-test\lib\Cake\Core\App.php(933): ErrorHandler::handleError(64, 'Cannot use 'Str...', 'C:\\xampp\\htdocs...', 24, Array)
#2 C:\xampp\htdocs\cake-php\dewtouch-cakephp-test\lib\Cake\Core\App.php(906): App::_checkFatalError()
#3 [internal function]: App::shutdown()
#4 {main}
2020-04-02 16:47:14 Error: Fatal Error (64): Cannot use 'String' as class name as it is reserved in [C:\xampp\htdocs\cake-php\dewtouch-cakephp-test\lib\Cake\Utility\String.php, line 24]
2020-04-02 16:47:14 Error: [FatalErrorException] Cannot use 'String' as class name as it is reserved
Stack Trace:
#0 C:\xampp\htdocs\cake-php\dewtouch-cakephp-test\lib\Cake\Error\ErrorHandler.php(213): ErrorHandler::handleFatalError(64, 'Cannot use 'Str...', 'C:\\xampp\\htdocs...', 24)
#1 C:\xampp\htdocs\cake-php\dewtouch-cakephp-test\lib\Cake\Core\App.php(933): ErrorHandler::handleError(64, 'Cannot use 'Str...', 'C:\\xampp\\htdocs...', 24, Array)
#2 C:\xampp\htdocs\cake-php\dewtouch-cakephp-test\lib\Cake\Core\App.php(906): App::_checkFatalError()
#3 [internal function]: App::shutdown()
#4 {main}
2020-04-02 16:47:15 Error: Fatal Error (64): Cannot use 'String' as class name as it is reserved in [C:\xampp\htdocs\cake-php\dewtouch-cakephp-test\lib\Cake\Utility\String.php, line 24]
2020-04-02 16:47:15 Error: [FatalErrorException] Cannot use 'String' as class name as it is reserved
Stack Trace:
#0 C:\xampp\htdocs\cake-php\dewtouch-cakephp-test\lib\Cake\Error\ErrorHandler.php(213): ErrorHandler::handleFatalError(64, 'Cannot use 'Str...', 'C:\\xampp\\htdocs...', 24)
#1 C:\xampp\htdocs\cake-php\dewtouch-cakephp-test\lib\Cake\Core\App.php(933): ErrorHandler::handleError(64, 'Cannot use 'Str...', 'C:\\xampp\\htdocs...', 24, Array)
#2 C:\xampp\htdocs\cake-php\dewtouch-cakephp-test\lib\Cake\Core\App.php(906): App::_checkFatalError()
#3 [internal function]: App::shutdown()
#4 {main}
2020-04-02 16:47:22 Error: Fatal Error (64): Cannot use 'String' as class name as it is reserved in [C:\xampp\htdocs\cake-php\dewtouch-cakephp-test\lib\Cake\Utility\String.php, line 24]
2020-04-02 16:47:22 Error: [FatalErrorException] Cannot use 'String' as class name as it is reserved
Stack Trace:
#0 C:\xampp\htdocs\cake-php\dewtouch-cakephp-test\lib\Cake\Error\ErrorHandler.php(213): ErrorHandler::handleFatalError(64, 'Cannot use 'Str...', 'C:\\xampp\\htdocs...', 24)
#1 C:\xampp\htdocs\cake-php\dewtouch-cakephp-test\lib\Cake\Core\App.php(933): ErrorHandler::handleError(64, 'Cannot use 'Str...', 'C:\\xampp\\htdocs...', 24, Array)
#2 C:\xampp\htdocs\cake-php\dewtouch-cakephp-test\lib\Cake\Core\App.php(906): App::_checkFatalError()
#3 [internal function]: App::shutdown()
#4 {main}
2020-04-02 16:47:22 Error: Fatal Error (64): Cannot use 'String' as class name as it is reserved in [C:\xampp\htdocs\cake-php\dewtouch-cakephp-test\lib\Cake\Utility\String.php, line 24]
2020-04-02 16:47:22 Error: [FatalErrorException] Cannot use 'String' as class name as it is reserved
Stack Trace:
#0 C:\xampp\htdocs\cake-php\dewtouch-cakephp-test\lib\Cake\Error\ErrorHandler.php(213): ErrorHandler::handleFatalError(64, 'Cannot use 'Str...', 'C:\\xampp\\htdocs...', 24)
#1 C:\xampp\htdocs\cake-php\dewtouch-cakephp-test\lib\Cake\Core\App.php(933): ErrorHandler::handleError(64, 'Cannot use 'Str...', 'C:\\xampp\\htdocs...', 24, Array)
#2 C:\xampp\htdocs\cake-php\dewtouch-cakephp-test\lib\Cake\Core\App.php(906): App::_checkFatalError()
#3 [internal function]: App::shutdown()
#4 {main}
2020-04-02 16:47:22 Error: Fatal Error (64): Cannot use 'String' as class name as it is reserved in [C:\xampp\htdocs\cake-php\dewtouch-cakephp-test\lib\Cake\Utility\String.php, line 24]
2020-04-02 16:47:22 Error: [FatalErrorException] Cannot use 'String' as class name as it is reserved
Stack Trace:
#0 C:\xampp\htdocs\cake-php\dewtouch-cakephp-test\lib\Cake\Error\ErrorHandler.php(213): ErrorHandler::handleFatalError(64, 'Cannot use 'Str...', 'C:\\xampp\\htdocs...', 24)
#1 C:\xampp\htdocs\cake-php\dewtouch-cakephp-test\lib\Cake\Core\App.php(933): ErrorHandler::handleError(64, 'Cannot use 'Str...', 'C:\\xampp\\htdocs...', 24, Array)
#2 C:\xampp\htdocs\cake-php\dewtouch-cakephp-test\lib\Cake\Core\App.php(906): App::_checkFatalError()
#3 [internal function]: App::shutdown()
#4 {main}
2020-04-02 16:47:22 Error: Fatal Error (64): Cannot use 'String' as class name as it is reserved in [C:\xampp\htdocs\cake-php\dewtouch-cakephp-test\lib\Cake\Utility\String.php, line 24]
2020-04-02 16:47:22 Error: [FatalErrorException] Cannot use 'String' as class name as it is reserved
Stack Trace:
#0 C:\xampp\htdocs\cake-php\dewtouch-cakephp-test\lib\Cake\Error\ErrorHandler.php(213): ErrorHandler::handleFatalError(64, 'Cannot use 'Str...', 'C:\\xampp\\htdocs...', 24)
#1 C:\xampp\htdocs\cake-php\dewtouch-cakephp-test\lib\Cake\Core\App.php(933): ErrorHandler::handleError(64, 'Cannot use 'Str...', 'C:\\xampp\\htdocs...', 24, Array)
#2 C:\xampp\htdocs\cake-php\dewtouch-cakephp-test\lib\Cake\Core\App.php(906): App::_checkFatalError()
#3 [internal function]: App::shutdown()
#4 {main}
2020-04-02 16:47:22 Error: Fatal Error (64): Cannot use 'String' as class name as it is reserved in [C:\xampp\htdocs\cake-php\dewtouch-cakephp-test\lib\Cake\Utility\String.php, line 24]
2020-04-02 16:47:22 Error: [FatalErrorException] Cannot use 'String' as class name as it is reserved
Stack Trace:
#0 C:\xampp\htdocs\cake-php\dewtouch-cakephp-test\lib\Cake\Error\ErrorHandler.php(213): ErrorHandler::handleFatalError(64, 'Cannot use 'Str...', 'C:\\xampp\\htdocs...', 24)
#1 C:\xampp\htdocs\cake-php\dewtouch-cakephp-test\lib\Cake\Core\App.php(933): ErrorHandler::handleError(64, 'Cannot use 'Str...', 'C:\\xampp\\htdocs...', 24, Array)
#2 C:\xampp\htdocs\cake-php\dewtouch-cakephp-test\lib\Cake\Core\App.php(906): App::_checkFatalError()
#3 [internal function]: App::shutdown()
#4 {main}
2020-04-02 16:47:23 Error: Fatal Error (64): Cannot use 'String' as class name as it is reserved in [C:\xampp\htdocs\cake-php\dewtouch-cakephp-test\lib\Cake\Utility\String.php, line 24]
2020-04-02 16:47:23 Error: [FatalErrorException] Cannot use 'String' as class name as it is reserved
Stack Trace:
#0 C:\xampp\htdocs\cake-php\dewtouch-cakephp-test\lib\Cake\Error\ErrorHandler.php(213): ErrorHandler::handleFatalError(64, 'Cannot use 'Str...', 'C:\\xampp\\htdocs...', 24)
#1 C:\xampp\htdocs\cake-php\dewtouch-cakephp-test\lib\Cake\Core\App.php(933): ErrorHandler::handleError(64, 'Cannot use 'Str...', 'C:\\xampp\\htdocs...', 24, Array)
#2 C:\xampp\htdocs\cake-php\dewtouch-cakephp-test\lib\Cake\Core\App.php(906): App::_checkFatalError()
#3 [internal function]: App::shutdown()
#4 {main}
2020-04-02 16:47:30 Error: Fatal Error (64): Cannot use 'String' as class name as it is reserved in [C:\xampp\htdocs\cake-php\dewtouch-cakephp-test\lib\Cake\Utility\String.php, line 24]
2020-04-02 16:47:30 Error: [FatalErrorException] Cannot use 'String' as class name as it is reserved
Stack Trace:
#0 C:\xampp\htdocs\cake-php\dewtouch-cakephp-test\lib\Cake\Error\ErrorHandler.php(213): ErrorHandler::handleFatalError(64, 'Cannot use 'Str...', 'C:\\xampp\\htdocs...', 24)
#1 C:\xampp\htdocs\cake-php\dewtouch-cakephp-test\lib\Cake\Core\App.php(933): ErrorHandler::handleError(64, 'Cannot use 'Str...', 'C:\\xampp\\htdocs...', 24, Array)
#2 C:\xampp\htdocs\cake-php\dewtouch-cakephp-test\lib\Cake\Core\App.php(906): App::_checkFatalError()
#3 [internal function]: App::shutdown()
#4 {main}
2020-04-02 17:15:27 Error: Fatal Error (64): Cannot use 'String' as class name as it is reserved in [C:\xampp\htdocs\cake-php\dewtouch-cakephp-test\lib\Cake\Utility\String.php, line 24]
2020-04-02 17:15:27 Error: [FatalErrorException] Cannot use 'String' as class name as it is reserved
Stack Trace:
#0 C:\xampp\htdocs\cake-php\dewtouch-cakephp-test\lib\Cake\Error\ErrorHandler.php(213): ErrorHandler::handleFatalError(64, 'Cannot use 'Str...', 'C:\\xampp\\htdocs...', 24)
#1 C:\xampp\htdocs\cake-php\dewtouch-cakephp-test\lib\Cake\Core\App.php(933): ErrorHandler::handleError(64, 'Cannot use 'Str...', 'C:\\xampp\\htdocs...', 24, Array)
#2 C:\xampp\htdocs\cake-php\dewtouch-cakephp-test\lib\Cake\Core\App.php(906): App::_checkFatalError()
#3 [internal function]: App::shutdown()
#4 {main}
2020-04-02 17:15:28 Error: Fatal Error (64): Cannot use 'String' as class name as it is reserved in [C:\xampp\htdocs\cake-php\dewtouch-cakephp-test\lib\Cake\Utility\String.php, line 24]
2020-04-02 17:15:28 Error: [FatalErrorException] Cannot use 'String' as class name as it is reserved
Stack Trace:
#0 C:\xampp\htdocs\cake-php\dewtouch-cakephp-test\lib\Cake\Error\ErrorHandler.php(213): ErrorHandler::handleFatalError(64, 'Cannot use 'Str...', 'C:\\xampp\\htdocs...', 24)
#1 C:\xampp\htdocs\cake-php\dewtouch-cakephp-test\lib\Cake\Core\App.php(933): ErrorHandler::handleError(64, 'Cannot use 'Str...', 'C:\\xampp\\htdocs...', 24, Array)
#2 C:\xampp\htdocs\cake-php\dewtouch-cakephp-test\lib\Cake\Core\App.php(906): App::_checkFatalError()
#3 [internal function]: App::shutdown()
#4 {main}
2020-04-02 17:15:29 Error: Fatal Error (64): Cannot use 'String' as class name as it is reserved in [C:\xampp\htdocs\cake-php\dewtouch-cakephp-test\lib\Cake\Utility\String.php, line 24]
2020-04-02 17:15:29 Error: [FatalErrorException] Cannot use 'String' as class name as it is reserved
Stack Trace:
#0 C:\xampp\htdocs\cake-php\dewtouch-cakephp-test\lib\Cake\Error\ErrorHandler.php(213): ErrorHandler::handleFatalError(64, 'Cannot use 'Str...', 'C:\\xampp\\htdocs...', 24)
#1 C:\xampp\htdocs\cake-php\dewtouch-cakephp-test\lib\Cake\Core\App.php(933): ErrorHandler::handleError(64, 'Cannot use 'Str...', 'C:\\xampp\\htdocs...', 24, Array)
#2 C:\xampp\htdocs\cake-php\dewtouch-cakephp-test\lib\Cake\Core\App.php(906): App::_checkFatalError()
#3 [internal function]: App::shutdown()
#4 {main}
2020-04-02 17:15:29 Error: Fatal Error (64): Cannot use 'String' as class name as it is reserved in [C:\xampp\htdocs\cake-php\dewtouch-cakephp-test\lib\Cake\Utility\String.php, line 24]
2020-04-02 17:15:29 Error: [FatalErrorException] Cannot use 'String' as class name as it is reserved
Stack Trace:
#0 C:\xampp\htdocs\cake-php\dewtouch-cakephp-test\lib\Cake\Error\ErrorHandler.php(213): ErrorHandler::handleFatalError(64, 'Cannot use 'Str...', 'C:\\xampp\\htdocs...', 24)
#1 C:\xampp\htdocs\cake-php\dewtouch-cakephp-test\lib\Cake\Core\App.php(933): ErrorHandler::handleError(64, 'Cannot use 'Str...', 'C:\\xampp\\htdocs...', 24, Array)
#2 C:\xampp\htdocs\cake-php\dewtouch-cakephp-test\lib\Cake\Core\App.php(906): App::_checkFatalError()
#3 [internal function]: App::shutdown()
#4 {main}
2020-04-02 17:15:29 Error: Fatal Error (64): Cannot use 'String' as class name as it is reserved in [C:\xampp\htdocs\cake-php\dewtouch-cakephp-test\lib\Cake\Utility\String.php, line 24]
2020-04-02 17:15:29 Error: [FatalErrorException] Cannot use 'String' as class name as it is reserved
Stack Trace:
#0 C:\xampp\htdocs\cake-php\dewtouch-cakephp-test\lib\Cake\Error\ErrorHandler.php(213): ErrorHandler::handleFatalError(64, 'Cannot use 'Str...', 'C:\\xampp\\htdocs...', 24)
#1 C:\xampp\htdocs\cake-php\dewtouch-cakephp-test\lib\Cake\Core\App.php(933): ErrorHandler::handleError(64, 'Cannot use 'Str...', 'C:\\xampp\\htdocs...', 24, Array)
#2 C:\xampp\htdocs\cake-php\dewtouch-cakephp-test\lib\Cake\Core\App.php(906): App::_checkFatalError()
#3 [internal function]: App::shutdown()
#4 {main}
2020-04-02 17:15:29 Error: Fatal Error (64): Cannot use 'String' as class name as it is reserved in [C:\xampp\htdocs\cake-php\dewtouch-cakephp-test\lib\Cake\Utility\String.php, line 24]
2020-04-02 17:15:29 Error: [FatalErrorException] Cannot use 'String' as class name as it is reserved
Stack Trace:
#0 C:\xampp\htdocs\cake-php\dewtouch-cakephp-test\lib\Cake\Error\ErrorHandler.php(213): ErrorHandler::handleFatalError(64, 'Cannot use 'Str...', 'C:\\xampp\\htdocs...', 24)
#1 C:\xampp\htdocs\cake-php\dewtouch-cakephp-test\lib\Cake\Core\App.php(933): ErrorHandler::handleError(64, 'Cannot use 'Str...', 'C:\\xampp\\htdocs...', 24, Array)
#2 C:\xampp\htdocs\cake-php\dewtouch-cakephp-test\lib\Cake\Core\App.php(906): App::_checkFatalError()
#3 [internal function]: App::shutdown()
#4 {main}
2020-04-02 17:15:29 Error: Fatal Error (64): Cannot use 'String' as class name as it is reserved in [C:\xampp\htdocs\cake-php\dewtouch-cakephp-test\lib\Cake\Utility\String.php, line 24]
2020-04-02 17:15:29 Error: [FatalErrorException] Cannot use 'String' as class name as it is reserved
Stack Trace:
#0 C:\xampp\htdocs\cake-php\dewtouch-cakephp-test\lib\Cake\Error\ErrorHandler.php(213): ErrorHandler::handleFatalError(64, 'Cannot use 'Str...', 'C:\\xampp\\htdocs...', 24)
#1 C:\xampp\htdocs\cake-php\dewtouch-cakephp-test\lib\Cake\Core\App.php(933): ErrorHandler::handleError(64, 'Cannot use 'Str...', 'C:\\xampp\\htdocs...', 24, Array)
#2 C:\xampp\htdocs\cake-php\dewtouch-cakephp-test\lib\Cake\Core\App.php(906): App::_checkFatalError()
#3 [internal function]: App::shutdown()
#4 {main}
2020-04-03 16:12:55 Error: Fatal Error (64): Cannot use 'String' as class name as it is reserved in [C:\xampp\htdocs\cake-php\dewtouch-cakephp-test\lib\Cake\Utility\String.php, line 24]
2020-04-03 16:12:55 Error: [FatalErrorException] Cannot use 'String' as class name as it is reserved
Stack Trace:
#0 C:\xampp\htdocs\cake-php\dewtouch-cakephp-test\lib\Cake\Error\ErrorHandler.php(213): ErrorHandler::handleFatalError(64, 'Cannot use 'Str...', 'C:\\xampp\\htdocs...', 24)
#1 C:\xampp\htdocs\cake-php\dewtouch-cakephp-test\lib\Cake\Core\App.php(933): ErrorHandler::handleError(64, 'Cannot use 'Str...', 'C:\\xampp\\htdocs...', 24, Array)
#2 C:\xampp\htdocs\cake-php\dewtouch-cakephp-test\lib\Cake\Core\App.php(906): App::_checkFatalError()
#3 [internal function]: App::shutdown()
#4 {main}
2020-04-03 16:13:27 Error: Fatal Error (64): Cannot use 'String' as class name as it is reserved in [C:\xampp\htdocs\cake-php\dewtouch-cakephp-test\lib\Cake\Utility\String.php, line 24]
2020-04-03 16:13:27 Error: [FatalErrorException] Cannot use 'String' as class name as it is reserved
Stack Trace:
#0 C:\xampp\htdocs\cake-php\dewtouch-cakephp-test\lib\Cake\Error\ErrorHandler.php(213): ErrorHandler::handleFatalError(64, 'Cannot use 'Str...', 'C:\\xampp\\htdocs...', 24)
#1 C:\xampp\htdocs\cake-php\dewtouch-cakephp-test\lib\Cake\Core\App.php(933): ErrorHandler::handleError(64, 'Cannot use 'Str...', 'C:\\xampp\\htdocs...', 24, Array)
#2 C:\xampp\htdocs\cake-php\dewtouch-cakephp-test\lib\Cake\Core\App.php(906): App::_checkFatalError()
#3 [internal function]: App::shutdown()
#4 {main}
2020-04-03 16:13:30 Error: Fatal Error (64): Cannot use 'String' as class name as it is reserved in [C:\xampp\htdocs\cake-php\dewtouch-cakephp-test\lib\Cake\Utility\String.php, line 24]
2020-04-03 16:13:30 Error: [FatalErrorException] Cannot use 'String' as class name as it is reserved
Stack Trace:
#0 C:\xampp\htdocs\cake-php\dewtouch-cakephp-test\lib\Cake\Error\ErrorHandler.php(213): ErrorHandler::handleFatalError(64, 'Cannot use 'Str...', 'C:\\xampp\\htdocs...', 24)
#1 C:\xampp\htdocs\cake-php\dewtouch-cakephp-test\lib\Cake\Core\App.php(933): ErrorHandler::handleError(64, 'Cannot use 'Str...', 'C:\\xampp\\htdocs...', 24, Array)
#2 C:\xampp\htdocs\cake-php\dewtouch-cakephp-test\lib\Cake\Core\App.php(906): App::_checkFatalError()
#3 [internal function]: App::shutdown()
#4 {main}
2020-04-03 16:32:27 Error: Fatal Error (64): Cannot use 'String' as class name as it is reserved in [C:\xampp\htdocs\cake-php\dewtouch-cakephp-test\lib\Cake\Utility\String.php, line 24]
2020-04-03 16:32:27 Error: [FatalErrorException] Cannot use 'String' as class name as it is reserved
Stack Trace:
#0 C:\xampp\htdocs\cake-php\dewtouch-cakephp-test\lib\Cake\Error\ErrorHandler.php(213): ErrorHandler::handleFatalError(64, 'Cannot use 'Str...', 'C:\\xampp\\htdocs...', 24)
#1 C:\xampp\htdocs\cake-php\dewtouch-cakephp-test\lib\Cake\Core\App.php(933): ErrorHandler::handleError(64, 'Cannot use 'Str...', 'C:\\xampp\\htdocs...', 24, Array)
#2 C:\xampp\htdocs\cake-php\dewtouch-cakephp-test\lib\Cake\Core\App.php(906): App::_checkFatalError()
#3 [internal function]: App::shutdown()
#4 {main}
2020-04-03 16:40:52 Error: Fatal Error (64): Cannot use 'String' as class name as it is reserved in [C:\xampp\htdocs\cake-php\dewtouch-cakephp-test\lib\Cake\Utility\String.php, line 24]
2020-04-03 16:40:52 Error: [FatalErrorException] Cannot use 'String' as class name as it is reserved
Stack Trace:
#0 C:\xampp\htdocs\cake-php\dewtouch-cakephp-test\lib\Cake\Error\ErrorHandler.php(213): ErrorHandler::handleFatalError(64, 'Cannot use 'Str...', 'C:\\xampp\\htdocs...', 24)
#1 C:\xampp\htdocs\cake-php\dewtouch-cakephp-test\lib\Cake\Core\App.php(933): ErrorHandler::handleError(64, 'Cannot use 'Str...', 'C:\\xampp\\htdocs...', 24, Array)
#2 C:\xampp\htdocs\cake-php\dewtouch-cakephp-test\lib\Cake\Core\App.php(906): App::_checkFatalError()
#3 [internal function]: App::shutdown()
#4 {main}
2020-04-03 16:41:04 Error: Fatal Error (64): Cannot use 'String' as class name as it is reserved in [C:\xampp\htdocs\cake-php\dewtouch-cakephp-test\lib\Cake\Utility\String.php, line 24]
2020-04-03 16:41:04 Error: [FatalErrorException] Cannot use 'String' as class name as it is reserved
Stack Trace:
#0 C:\xampp\htdocs\cake-php\dewtouch-cakephp-test\lib\Cake\Error\ErrorHandler.php(213): ErrorHandler::handleFatalError(64, 'Cannot use 'Str...', 'C:\\xampp\\htdocs...', 24)
#1 C:\xampp\htdocs\cake-php\dewtouch-cakephp-test\lib\Cake\Core\App.php(933): ErrorHandler::handleError(64, 'Cannot use 'Str...', 'C:\\xampp\\htdocs...', 24, Array)
#2 C:\xampp\htdocs\cake-php\dewtouch-cakephp-test\lib\Cake\Core\App.php(906): App::_checkFatalError()
#3 [internal function]: App::shutdown()
#4 {main}
2020-04-04 13:46:52 Error: Fatal Error (64): Cannot use 'String' as class name as it is reserved in [/opt/lampp/htdocs/cake-php/dewtouch-cakephp-test/lib/Cake/Utility/String.php, line 24]
2020-04-04 13:46:52 Error: [FatalErrorException] Cannot use 'String' as class name as it is reserved
Stack Trace:
#0 /opt/lampp/htdocs/cake-php/dewtouch-cakephp-test/lib/Cake/Error/ErrorHandler.php(213): ErrorHandler::handleFatalError(64, 'Cannot use 'Str...', '/opt/lampp/htdo...', 24)
#1 /opt/lampp/htdocs/cake-php/dewtouch-cakephp-test/lib/Cake/Core/App.php(933): ErrorHandler::handleError(64, 'Cannot use 'Str...', '/opt/lampp/htdo...', 24, Array)
#2 /opt/lampp/htdocs/cake-php/dewtouch-cakephp-test/lib/Cake/Core/App.php(906): App::_checkFatalError()
#3 [internal function]: App::shutdown()
#4 {main}
2020-04-04 13:47:26 Error: Fatal Error (64): Cannot use 'String' as class name as it is reserved in [/opt/lampp/htdocs/cake-php/dewtouch-cakephp-test/lib/Cake/Utility/String.php, line 24]
2020-04-04 13:47:26 Error: [FatalErrorException] Cannot use 'String' as class name as it is reserved
Stack Trace:
#0 /opt/lampp/htdocs/cake-php/dewtouch-cakephp-test/lib/Cake/Error/ErrorHandler.php(213): ErrorHandler::handleFatalError(64, 'Cannot use 'Str...', '/opt/lampp/htdo...', 24)
#1 /opt/lampp/htdocs/cake-php/dewtouch-cakephp-test/lib/Cake/Core/App.php(933): ErrorHandler::handleError(64, 'Cannot use 'Str...', '/opt/lampp/htdo...', 24, Array)
#2 /opt/lampp/htdocs/cake-php/dewtouch-cakephp-test/lib/Cake/Core/App.php(906): App::_checkFatalError()
#3 [internal function]: App::shutdown()
#4 {main}
2020-04-04 13:47:28 Error: Fatal Error (64): Cannot use 'String' as class name as it is reserved in [/opt/lampp/htdocs/cake-php/dewtouch-cakephp-test/lib/Cake/Utility/String.php, line 24]
2020-04-04 13:47:28 Error: [FatalErrorException] Cannot use 'String' as class name as it is reserved
Stack Trace:
#0 /opt/lampp/htdocs/cake-php/dewtouch-cakephp-test/lib/Cake/Error/ErrorHandler.php(213): ErrorHandler::handleFatalError(64, 'Cannot use 'Str...', '/opt/lampp/htdo...', 24)
#1 /opt/lampp/htdocs/cake-php/dewtouch-cakephp-test/lib/Cake/Core/App.php(933): ErrorHandler::handleError(64, 'Cannot use 'Str...', '/opt/lampp/htdo...', 24, Array)
#2 /opt/lampp/htdocs/cake-php/dewtouch-cakephp-test/lib/Cake/Core/App.php(906): App::_checkFatalError()
#3 [internal function]: App::shutdown()
#4 {main}
2020-04-04 13:47:29 Error: Fatal Error (64): Cannot use 'String' as class name as it is reserved in [/opt/lampp/htdocs/cake-php/dewtouch-cakephp-test/lib/Cake/Utility/String.php, line 24]
2020-04-04 13:47:29 Error: [FatalErrorException] Cannot use 'String' as class name as it is reserved
Stack Trace:
#0 /opt/lampp/htdocs/cake-php/dewtouch-cakephp-test/lib/Cake/Error/ErrorHandler.php(213): ErrorHandler::handleFatalError(64, 'Cannot use 'Str...', '/opt/lampp/htdo...', 24)
#1 /opt/lampp/htdocs/cake-php/dewtouch-cakephp-test/lib/Cake/Core/App.php(933): ErrorHandler::handleError(64, 'Cannot use 'Str...', '/opt/lampp/htdo...', 24, Array)
#2 /opt/lampp/htdocs/cake-php/dewtouch-cakephp-test/lib/Cake/Core/App.php(906): App::_checkFatalError()
#3 [internal function]: App::shutdown()
#4 {main}
2020-04-04 13:47:29 Error: Fatal Error (64): Cannot use 'String' as class name as it is reserved in [/opt/lampp/htdocs/cake-php/dewtouch-cakephp-test/lib/Cake/Utility/String.php, line 24]
2020-04-04 13:47:29 Error: [FatalErrorException] Cannot use 'String' as class name as it is reserved
Stack Trace:
#0 /opt/lampp/htdocs/cake-php/dewtouch-cakephp-test/lib/Cake/Error/ErrorHandler.php(213): ErrorHandler::handleFatalError(64, 'Cannot use 'Str...', '/opt/lampp/htdo...', 24)
#1 /opt/lampp/htdocs/cake-php/dewtouch-cakephp-test/lib/Cake/Core/App.php(933): ErrorHandler::handleError(64, 'Cannot use 'Str...', '/opt/lampp/htdo...', 24, Array)
#2 /opt/lampp/htdocs/cake-php/dewtouch-cakephp-test/lib/Cake/Core/App.php(906): App::_checkFatalError()
#3 [internal function]: App::shutdown()
#4 {main}
2020-04-04 13:47:29 Error: Fatal Error (64): Cannot use 'String' as class name as it is reserved in [/opt/lampp/htdocs/cake-php/dewtouch-cakephp-test/lib/Cake/Utility/String.php, line 24]
2020-04-04 13:47:30 Error: [FatalErrorException] Cannot use 'String' as class name as it is reserved
Stack Trace:
#0 /opt/lampp/htdocs/cake-php/dewtouch-cakephp-test/lib/Cake/Error/ErrorHandler.php(213): ErrorHandler::handleFatalError(64, 'Cannot use 'Str...', '/opt/lampp/htdo...', 24)
#1 /opt/lampp/htdocs/cake-php/dewtouch-cakephp-test/lib/Cake/Core/App.php(933): ErrorHandler::handleError(64, 'Cannot use 'Str...', '/opt/lampp/htdo...', 24, Array)
#2 /opt/lampp/htdocs/cake-php/dewtouch-cakephp-test/lib/Cake/Core/App.php(906): App::_checkFatalError()
#3 [internal function]: App::shutdown()
#4 {main}
2020-04-04 13:47:30 Error: Fatal Error (64): Cannot use 'String' as class name as it is reserved in [/opt/lampp/htdocs/cake-php/dewtouch-cakephp-test/lib/Cake/Utility/String.php, line 24]
2020-04-04 13:47:30 Error: [FatalErrorException] Cannot use 'String' as class name as it is reserved
Stack Trace:
#0 /opt/lampp/htdocs/cake-php/dewtouch-cakephp-test/lib/Cake/Error/ErrorHandler.php(213): ErrorHandler::handleFatalError(64, 'Cannot use 'Str...', '/opt/lampp/htdo...', 24)
#1 /opt/lampp/htdocs/cake-php/dewtouch-cakephp-test/lib/Cake/Core/App.php(933): ErrorHandler::handleError(64, 'Cannot use 'Str...', '/opt/lampp/htdo...', 24, Array)
#2 /opt/lampp/htdocs/cake-php/dewtouch-cakephp-test/lib/Cake/Core/App.php(906): App::_checkFatalError()
#3 [internal function]: App::shutdown()
#4 {main}
2020-04-04 13:47:30 Error: Fatal Error (64): Cannot use 'String' as class name as it is reserved in [/opt/lampp/htdocs/cake-php/dewtouch-cakephp-test/lib/Cake/Utility/String.php, line 24]
2020-04-04 13:47:30 Error: [FatalErrorException] Cannot use 'String' as class name as it is reserved
Stack Trace:
#0 /opt/lampp/htdocs/cake-php/dewtouch-cakephp-test/lib/Cake/Error/ErrorHandler.php(213): ErrorHandler::handleFatalError(64, 'Cannot use 'Str...', '/opt/lampp/htdo...', 24)
#1 /opt/lampp/htdocs/cake-php/dewtouch-cakephp-test/lib/Cake/Core/App.php(933): ErrorHandler::handleError(64, 'Cannot use 'Str...', '/opt/lampp/htdo...', 24, Array)
#2 /opt/lampp/htdocs/cake-php/dewtouch-cakephp-test/lib/Cake/Core/App.php(906): App::_checkFatalError()
#3 [internal function]: App::shutdown()
#4 {main}
2020-04-04 13:47:31 Error: Fatal Error (64): Cannot use 'String' as class name as it is reserved in [/opt/lampp/htdocs/cake-php/dewtouch-cakephp-test/lib/Cake/Utility/String.php, line 24]
2020-04-04 13:47:31 Error: [FatalErrorException] Cannot use 'String' as class name as it is reserved
Stack Trace:
#0 /opt/lampp/htdocs/cake-php/dewtouch-cakephp-test/lib/Cake/Error/ErrorHandler.php(213): ErrorHandler::handleFatalError(64, 'Cannot use 'Str...', '/opt/lampp/htdo...', 24)
#1 /opt/lampp/htdocs/cake-php/dewtouch-cakephp-test/lib/Cake/Core/App.php(933): ErrorHandler::handleError(64, 'Cannot use 'Str...', '/opt/lampp/htdo...', 24, Array)
#2 /opt/lampp/htdocs/cake-php/dewtouch-cakephp-test/lib/Cake/Core/App.php(906): App::_checkFatalError()
#3 [internal function]: App::shutdown()
#4 {main}
2020-04-04 13:47:31 Error: Fatal Error (64): Cannot use 'String' as class name as it is reserved in [/opt/lampp/htdocs/cake-php/dewtouch-cakephp-test/lib/Cake/Utility/String.php, line 24]
2020-04-04 13:47:31 Error: [FatalErrorException] Cannot use 'String' as class name as it is reserved
Stack Trace:
#0 /opt/lampp/htdocs/cake-php/dewtouch-cakephp-test/lib/Cake/Error/ErrorHandler.php(213): ErrorHandler::handleFatalError(64, 'Cannot use 'Str...', '/opt/lampp/htdo...', 24)
#1 /opt/lampp/htdocs/cake-php/dewtouch-cakephp-test/lib/Cake/Core/App.php(933): ErrorHandler::handleError(64, 'Cannot use 'Str...', '/opt/lampp/htdo...', 24, Array)
#2 /opt/lampp/htdocs/cake-php/dewtouch-cakephp-test/lib/Cake/Core/App.php(906): App::_checkFatalError()
#3 [internal function]: App::shutdown()
#4 {main}
2020-04-04 13:47:31 Error: Fatal Error (64): Cannot use 'String' as class name as it is reserved in [/opt/lampp/htdocs/cake-php/dewtouch-cakephp-test/lib/Cake/Utility/String.php, line 24]
2020-04-04 13:47:31 Error: [FatalErrorException] Cannot use 'String' as class name as it is reserved
Stack Trace:
#0 /opt/lampp/htdocs/cake-php/dewtouch-cakephp-test/lib/Cake/Error/ErrorHandler.php(213): ErrorHandler::handleFatalError(64, 'Cannot use 'Str...', '/opt/lampp/htdo...', 24)
#1 /opt/lampp/htdocs/cake-php/dewtouch-cakephp-test/lib/Cake/Core/App.php(933): ErrorHandler::handleError(64, 'Cannot use 'Str...', '/opt/lampp/htdo...', 24, Array)
#2 /opt/lampp/htdocs/cake-php/dewtouch-cakephp-test/lib/Cake/Core/App.php(906): App::_checkFatalError()
#3 [internal function]: App::shutdown()
#4 {main}
2020-04-04 13:47:31 Error: Fatal Error (64): Cannot use 'String' as class name as it is reserved in [/opt/lampp/htdocs/cake-php/dewtouch-cakephp-test/lib/Cake/Utility/String.php, line 24]
2020-04-04 13:47:31 Error: [FatalErrorException] Cannot use 'String' as class name as it is reserved
Stack Trace:
#0 /opt/lampp/htdocs/cake-php/dewtouch-cakephp-test/lib/Cake/Error/ErrorHandler.php(213): ErrorHandler::handleFatalError(64, 'Cannot use 'Str...', '/opt/lampp/htdo...', 24)
#1 /opt/lampp/htdocs/cake-php/dewtouch-cakephp-test/lib/Cake/Core/App.php(933): ErrorHandler::handleError(64, 'Cannot use 'Str...', '/opt/lampp/htdo...', 24, Array)
#2 /opt/lampp/htdocs/cake-php/dewtouch-cakephp-test/lib/Cake/Core/App.php(906): App::_checkFatalError()
#3 [internal function]: App::shutdown()
#4 {main}
2020-04-04 13:47:32 Error: Fatal Error (64): Cannot use 'String' as class name as it is reserved in [/opt/lampp/htdocs/cake-php/dewtouch-cakephp-test/lib/Cake/Utility/String.php, line 24]
2020-04-04 13:47:32 Error: [FatalErrorException] Cannot use 'String' as class name as it is reserved
Stack Trace:
#0 /opt/lampp/htdocs/cake-php/dewtouch-cakephp-test/lib/Cake/Error/ErrorHandler.php(213): ErrorHandler::handleFatalError(64, 'Cannot use 'Str...', '/opt/lampp/htdo...', 24)
#1 /opt/lampp/htdocs/cake-php/dewtouch-cakephp-test/lib/Cake/Core/App.php(933): ErrorHandler::handleError(64, 'Cannot use 'Str...', '/opt/lampp/htdo...', 24, Array)
#2 /opt/lampp/htdocs/cake-php/dewtouch-cakephp-test/lib/Cake/Core/App.php(906): App::_checkFatalError()
#3 [internal function]: App::shutdown()
#4 {main}
2020-04-04 13:47:32 Error: Fatal Error (64): Cannot use 'String' as class name as it is reserved in [/opt/lampp/htdocs/cake-php/dewtouch-cakephp-test/lib/Cake/Utility/String.php, line 24]
2020-04-04 13:47:32 Error: [FatalErrorException] Cannot use 'String' as class name as it is reserved
Stack Trace:
#0 /opt/lampp/htdocs/cake-php/dewtouch-cakephp-test/lib/Cake/Error/ErrorHandler.php(213): ErrorHandler::handleFatalError(64, 'Cannot use 'Str...', '/opt/lampp/htdo...', 24)
#1 /opt/lampp/htdocs/cake-php/dewtouch-cakephp-test/lib/Cake/Core/App.php(933): ErrorHandler::handleError(64, 'Cannot use 'Str...', '/opt/lampp/htdo...', 24, Array)
#2 /opt/lampp/htdocs/cake-php/dewtouch-cakephp-test/lib/Cake/Core/App.php(906): App::_checkFatalError()
#3 [internal function]: App::shutdown()
#4 {main}
2020-04-04 13:47:32 Error: Fatal Error (64): Cannot use 'String' as class name as it is reserved in [/opt/lampp/htdocs/cake-php/dewtouch-cakephp-test/lib/Cake/Utility/String.php, line 24]
2020-04-04 13:47:32 Error: [FatalErrorException] Cannot use 'String' as class name as it is reserved
Stack Trace:
#0 /opt/lampp/htdocs/cake-php/dewtouch-cakephp-test/lib/Cake/Error/ErrorHandler.php(213): ErrorHandler::handleFatalError(64, 'Cannot use 'Str...', '/opt/lampp/htdo...', 24)
#1 /opt/lampp/htdocs/cake-php/dewtouch-cakephp-test/lib/Cake/Core/App.php(933): ErrorHandler::handleError(64, 'Cannot use 'Str...', '/opt/lampp/htdo...', 24, Array)
#2 /opt/lampp/htdocs/cake-php/dewtouch-cakephp-test/lib/Cake/Core/App.php(906): App::_checkFatalError()
#3 [internal function]: App::shutdown()
#4 {main}
2020-04-04 14:08:11 Error: Fatal Error (64): Cannot use 'String' as class name as it is reserved in [/opt/lampp/htdocs/cake-php/dewtouch-cakephp-test/lib/Cake/Utility/String.php, line 24]
2020-04-04 14:08:11 Error: [FatalErrorException] Cannot use 'String' as class name as it is reserved
Stack Trace:
#0 /opt/lampp/htdocs/cake-php/dewtouch-cakephp-test/lib/Cake/Error/ErrorHandler.php(213): ErrorHandler::handleFatalError(64, 'Cannot use 'Str...', '/opt/lampp/htdo...', 24)
#1 /opt/lampp/htdocs/cake-php/dewtouch-cakephp-test/lib/Cake/Core/App.php(933): ErrorHandler::handleError(64, 'Cannot use 'Str...', '/opt/lampp/htdo...', 24, Array)
#2 /opt/lampp/htdocs/cake-php/dewtouch-cakephp-test/lib/Cake/Core/App.php(906): App::_checkFatalError()
#3 [internal function]: App::shutdown()
#4 {main}
2020-04-04 14:08:13 Error: Fatal Error (64): Cannot use 'String' as class name as it is reserved in [/opt/lampp/htdocs/cake-php/dewtouch-cakephp-test/lib/Cake/Utility/String.php, line 24]
2020-04-04 14:08:13 Error: [FatalErrorException] Cannot use 'String' as class name as it is reserved
Stack Trace:
#0 /opt/lampp/htdocs/cake-php/dewtouch-cakephp-test/lib/Cake/Error/ErrorHandler.php(213): ErrorHandler::handleFatalError(64, 'Cannot use 'Str...', '/opt/lampp/htdo...', 24)
#1 /opt/lampp/htdocs/cake-php/dewtouch-cakephp-test/lib/Cake/Core/App.php(933): ErrorHandler::handleError(64, 'Cannot use 'Str...', '/opt/lampp/htdo...', 24, Array)
#2 /opt/lampp/htdocs/cake-php/dewtouch-cakephp-test/lib/Cake/Core/App.php(906): App::_checkFatalError()
#3 [internal function]: App::shutdown()
#4 {main}
2020-04-04 14:08:13 Error: Fatal Error (64): Cannot use 'String' as class name as it is reserved in [/opt/lampp/htdocs/cake-php/dewtouch-cakephp-test/lib/Cake/Utility/String.php, line 24]
2020-04-04 14:08:13 Error: [FatalErrorException] Cannot use 'String' as class name as it is reserved
Stack Trace:
#0 /opt/lampp/htdocs/cake-php/dewtouch-cakephp-test/lib/Cake/Error/ErrorHandler.php(213): ErrorHandler::handleFatalError(64, 'Cannot use 'Str...', '/opt/lampp/htdo...', 24)
#1 /opt/lampp/htdocs/cake-php/dewtouch-cakephp-test/lib/Cake/Core/App.php(933): ErrorHandler::handleError(64, 'Cannot use 'Str...', '/opt/lampp/htdo...', 24, Array)
#2 /opt/lampp/htdocs/cake-php/dewtouch-cakephp-test/lib/Cake/Core/App.php(906): App::_checkFatalError()
#3 [internal function]: App::shutdown()
#4 {main}
2020-04-04 14:08:14 Error: Fatal Error (64): Cannot use 'String' as class name as it is reserved in [/opt/lampp/htdocs/cake-php/dewtouch-cakephp-test/lib/Cake/Utility/String.php, line 24]
2020-04-04 14:08:14 Error: [FatalErrorException] Cannot use 'String' as class name as it is reserved
Stack Trace:
#0 /opt/lampp/htdocs/cake-php/dewtouch-cakephp-test/lib/Cake/Error/ErrorHandler.php(213): ErrorHandler::handleFatalError(64, 'Cannot use 'Str...', '/opt/lampp/htdo...', 24)
#1 /opt/lampp/htdocs/cake-php/dewtouch-cakephp-test/lib/Cake/Core/App.php(933): ErrorHandler::handleError(64, 'Cannot use 'Str...', '/opt/lampp/htdo...', 24, Array)
#2 /opt/lampp/htdocs/cake-php/dewtouch-cakephp-test/lib/Cake/Core/App.php(906): App::_checkFatalError()
#3 [internal function]: App::shutdown()
#4 {main}
2020-04-04 14:08:14 Error: Fatal Error (64): Cannot use 'String' as class name as it is reserved in [/opt/lampp/htdocs/cake-php/dewtouch-cakephp-test/lib/Cake/Utility/String.php, line 24]
2020-04-04 14:08:14 Error: [FatalErrorException] Cannot use 'String' as class name as it is reserved
Stack Trace:
#0 /opt/lampp/htdocs/cake-php/dewtouch-cakephp-test/lib/Cake/Error/ErrorHandler.php(213): ErrorHandler::handleFatalError(64, 'Cannot use 'Str...', '/opt/lampp/htdo...', 24)
#1 /opt/lampp/htdocs/cake-php/dewtouch-cakephp-test/lib/Cake/Core/App.php(933): ErrorHandler::handleError(64, 'Cannot use 'Str...', '/opt/lampp/htdo...', 24, Array)
#2 /opt/lampp/htdocs/cake-php/dewtouch-cakephp-test/lib/Cake/Core/App.php(906): App::_checkFatalError()
#3 [internal function]: App::shutdown()
#4 {main}
2020-04-04 14:08:14 Error: Fatal Error (64): Cannot use 'String' as class name as it is reserved in [/opt/lampp/htdocs/cake-php/dewtouch-cakephp-test/lib/Cake/Utility/String.php, line 24]
2020-04-04 14:08:14 Error: [FatalErrorException] Cannot use 'String' as class name as it is reserved
Stack Trace:
#0 /opt/lampp/htdocs/cake-php/dewtouch-cakephp-test/lib/Cake/Error/ErrorHandler.php(213): ErrorHandler::handleFatalError(64, 'Cannot use 'Str...', '/opt/lampp/htdo...', 24)
#1 /opt/lampp/htdocs/cake-php/dewtouch-cakephp-test/lib/Cake/Core/App.php(933): ErrorHandler::handleError(64, 'Cannot use 'Str...', '/opt/lampp/htdo...', 24, Array)
#2 /opt/lampp/htdocs/cake-php/dewtouch-cakephp-test/lib/Cake/Core/App.php(906): App::_checkFatalError()
#3 [internal function]: App::shutdown()
#4 {main}
2020-04-04 14:08:14 Error: Fatal Error (64): Cannot use 'String' as class name as it is reserved in [/opt/lampp/htdocs/cake-php/dewtouch-cakephp-test/lib/Cake/Utility/String.php, line 24]
2020-04-04 14:08:14 Error: [FatalErrorException] Cannot use 'String' as class name as it is reserved
Stack Trace:
#0 /opt/lampp/htdocs/cake-php/dewtouch-cakephp-test/lib/Cake/Error/ErrorHandler.php(213): ErrorHandler::handleFatalError(64, 'Cannot use 'Str...', '/opt/lampp/htdo...', 24)
#1 /opt/lampp/htdocs/cake-php/dewtouch-cakephp-test/lib/Cake/Core/App.php(933): ErrorHandler::handleError(64, 'Cannot use 'Str...', '/opt/lampp/htdo...', 24, Array)
#2 /opt/lampp/htdocs/cake-php/dewtouch-cakephp-test/lib/Cake/Core/App.php(906): App::_checkFatalError()
#3 [internal function]: App::shutdown()
#4 {main}
2020-04-04 14:42:01 Error: Fatal Error (64): Cannot use 'String' as class name as it is reserved in [/opt/lampp/htdocs/cake-php/dewtouch-cakephp-test/lib/Cake/Utility/String.php, line 24]
2020-04-04 14:42:02 Error: [FatalErrorException] Cannot use 'String' as class name as it is reserved
Stack Trace:
#0 /opt/lampp/htdocs/cake-php/dewtouch-cakephp-test/lib/Cake/Error/ErrorHandler.php(213): ErrorHandler::handleFatalError(64, 'Cannot use 'Str...', '/opt/lampp/htdo...', 24)
#1 /opt/lampp/htdocs/cake-php/dewtouch-cakephp-test/lib/Cake/Core/App.php(933): ErrorHandler::handleError(64, 'Cannot use 'Str...', '/opt/lampp/htdo...', 24, Array)
#2 /opt/lampp/htdocs/cake-php/dewtouch-cakephp-test/lib/Cake/Core/App.php(906): App::_checkFatalError()
#3 [internal function]: App::shutdown()
#4 {main}
2020-04-04 14:42:03 Error: Fatal Error (64): Cannot use 'String' as class name as it is reserved in [/opt/lampp/htdocs/cake-php/dewtouch-cakephp-test/lib/Cake/Utility/String.php, line 24]
2020-04-04 14:42:03 Error: [FatalErrorException] Cannot use 'String' as class name as it is reserved
Stack Trace:
#0 /opt/lampp/htdocs/cake-php/dewtouch-cakephp-test/lib/Cake/Error/ErrorHandler.php(213): ErrorHandler::handleFatalError(64, 'Cannot use 'Str...', '/opt/lampp/htdo...', 24)
#1 /opt/lampp/htdocs/cake-php/dewtouch-cakephp-test/lib/Cake/Core/App.php(933): ErrorHandler::handleError(64, 'Cannot use 'Str...', '/opt/lampp/htdo...', 24, Array)
#2 /opt/lampp/htdocs/cake-php/dewtouch-cakephp-test/lib/Cake/Core/App.php(906): App::_checkFatalError()
#3 [internal function]: App::shutdown()
#4 {main}
2020-04-04 15:27:25 Error: Fatal Error (64): Cannot use 'String' as class name as it is reserved in [/opt/lampp/htdocs/cake-php/dewtouch-cakephp-test/lib/Cake/Utility/String.php, line 24]
2020-04-04 15:27:25 Error: [FatalErrorException] Cannot use 'String' as class name as it is reserved
Stack Trace:
#0 /opt/lampp/htdocs/cake-php/dewtouch-cakephp-test/lib/Cake/Error/ErrorHandler.php(213): ErrorHandler::handleFatalError(64, 'Cannot use 'Str...', '/opt/lampp/htdo...', 24)
#1 /opt/lampp/htdocs/cake-php/dewtouch-cakephp-test/lib/Cake/Core/App.php(933): ErrorHandler::handleError(64, 'Cannot use 'Str...', '/opt/lampp/htdo...', 24, Array)
#2 /opt/lampp/htdocs/cake-php/dewtouch-cakephp-test/lib/Cake/Core/App.php(906): App::_checkFatalError()
#3 [internal function]: App::shutdown()
#4 {main}
2020-04-04 15:27:36 Error: Fatal Error (64): Cannot use 'String' as class name as it is reserved in [/opt/lampp/htdocs/cake-php/dewtouch-cakephp-test/lib/Cake/Utility/String.php, line 24]
2020-04-04 15:27:36 Error: [FatalErrorException] Cannot use 'String' as class name as it is reserved
Stack Trace:
#0 /opt/lampp/htdocs/cake-php/dewtouch-cakephp-test/lib/Cake/Error/ErrorHandler.php(213): ErrorHandler::handleFatalError(64, 'Cannot use 'Str...', '/opt/lampp/htdo...', 24)
#1 /opt/lampp/htdocs/cake-php/dewtouch-cakephp-test/lib/Cake/Core/App.php(933): ErrorHandler::handleError(64, 'Cannot use 'Str...', '/opt/lampp/htdo...', 24, Array)
#2 /opt/lampp/htdocs/cake-php/dewtouch-cakephp-test/lib/Cake/Core/App.php(906): App::_checkFatalError()
#3 [internal function]: App::shutdown()
#4 {main}
2020-04-04 15:27:37 Error: Fatal Error (64): Cannot use 'String' as class name as it is reserved in [/opt/lampp/htdocs/cake-php/dewtouch-cakephp-test/lib/Cake/Utility/String.php, line 24]
2020-04-04 15:27:37 Error: [FatalErrorException] Cannot use 'String' as class name as it is reserved
Stack Trace:
#0 /opt/lampp/htdocs/cake-php/dewtouch-cakephp-test/lib/Cake/Error/ErrorHandler.php(213): ErrorHandler::handleFatalError(64, 'Cannot use 'Str...', '/opt/lampp/htdo...', 24)
#1 /opt/lampp/htdocs/cake-php/dewtouch-cakephp-test/lib/Cake/Core/App.php(933): ErrorHandler::handleError(64, 'Cannot use 'Str...', '/opt/lampp/htdo...', 24, Array)
#2 /opt/lampp/htdocs/cake-php/dewtouch-cakephp-test/lib/Cake/Core/App.php(906): App::_checkFatalError()
#3 [internal function]: App::shutdown()
#4 {main}
2020-04-04 15:27:57 Error: Fatal Error (64): Cannot use 'String' as class name as it is reserved in [/opt/lampp/htdocs/cake-php/dewtouch-cakephp-test/lib/Cake/Utility/String.php, line 24]
2020-04-04 15:27:57 Error: [FatalErrorException] Cannot use 'String' as class name as it is reserved
Stack Trace:
#0 /opt/lampp/htdocs/cake-php/dewtouch-cakephp-test/lib/Cake/Error/ErrorHandler.php(213): ErrorHandler::handleFatalError(64, 'Cannot use 'Str...', '/opt/lampp/htdo...', 24)
#1 /opt/lampp/htdocs/cake-php/dewtouch-cakephp-test/lib/Cake/Core/App.php(933): ErrorHandler::handleError(64, 'Cannot use 'Str...', '/opt/lampp/htdo...', 24, Array)
#2 /opt/lampp/htdocs/cake-php/dewtouch-cakephp-test/lib/Cake/Core/App.php(906): App::_checkFatalError()
#3 [internal function]: App::shutdown()
#4 {main}
2020-04-04 15:29:33 Error: Fatal Error (64): Cannot use 'String' as class name as it is reserved in [/opt/lampp/htdocs/cake-php/dewtouch-cakephp-test/lib/Cake/Utility/String.php, line 24]
2020-04-04 15:29:33 Error: [FatalErrorException] Cannot use 'String' as class name as it is reserved
Stack Trace:
#0 /opt/lampp/htdocs/cake-php/dewtouch-cakephp-test/lib/Cake/Error/ErrorHandler.php(213): ErrorHandler::handleFatalError(64, 'Cannot use 'Str...', '/opt/lampp/htdo...', 24)
#1 /opt/lampp/htdocs/cake-php/dewtouch-cakephp-test/lib/Cake/Core/App.php(933): ErrorHandler::handleError(64, 'Cannot use 'Str...', '/opt/lampp/htdo...', 24, Array)
#2 /opt/lampp/htdocs/cake-php/dewtouch-cakephp-test/lib/Cake/Core/App.php(906): App::_checkFatalError()
#3 [internal function]: App::shutdown()
#4 {main}
2020-04-04 15:29:34 Error: Fatal Error (64): Cannot use 'String' as class name as it is reserved in [/opt/lampp/htdocs/cake-php/dewtouch-cakephp-test/lib/Cake/Utility/String.php, line 24]
2020-04-04 15:29:34 Error: [FatalErrorException] Cannot use 'String' as class name as it is reserved
Stack Trace:
#0 /opt/lampp/htdocs/cake-php/dewtouch-cakephp-test/lib/Cake/Error/ErrorHandler.php(213): ErrorHandler::handleFatalError(64, 'Cannot use 'Str...', '/opt/lampp/htdo...', 24)
#1 /opt/lampp/htdocs/cake-php/dewtouch-cakephp-test/lib/Cake/Core/App.php(933): ErrorHandler::handleError(64, 'Cannot use 'Str...', '/opt/lampp/htdo...', 24, Array)
#2 /opt/lampp/htdocs/cake-php/dewtouch-cakephp-test/lib/Cake/Core/App.php(906): App::_checkFatalError()
#3 [internal function]: App::shutdown()
#4 {main}
2020-04-04 15:29:35 Error: Fatal Error (64): Cannot use 'String' as class name as it is reserved in [/opt/lampp/htdocs/cake-php/dewtouch-cakephp-test/lib/Cake/Utility/String.php, line 24]
2020-04-04 15:29:35 Error: [FatalErrorException] Cannot use 'String' as class name as it is reserved
Stack Trace:
#0 /opt/lampp/htdocs/cake-php/dewtouch-cakephp-test/lib/Cake/Error/ErrorHandler.php(213): ErrorHandler::handleFatalError(64, 'Cannot use 'Str...', '/opt/lampp/htdo...', 24)
#1 /opt/lampp/htdocs/cake-php/dewtouch-cakephp-test/lib/Cake/Core/App.php(933): ErrorHandler::handleError(64, 'Cannot use 'Str...', '/opt/lampp/htdo...', 24, Array)
#2 /opt/lampp/htdocs/cake-php/dewtouch-cakephp-test/lib/Cake/Core/App.php(906): App::_checkFatalError()
#3 [internal function]: App::shutdown()
#4 {main}
2020-04-04 15:29:35 Error: Fatal Error (64): Cannot use 'String' as class name as it is reserved in [/opt/lampp/htdocs/cake-php/dewtouch-cakephp-test/lib/Cake/Utility/String.php, line 24]
2020-04-04 15:29:35 Error: [FatalErrorException] Cannot use 'String' as class name as it is reserved
Stack Trace:
#0 /opt/lampp/htdocs/cake-php/dewtouch-cakephp-test/lib/Cake/Error/ErrorHandler.php(213): ErrorHandler::handleFatalError(64, 'Cannot use 'Str...', '/opt/lampp/htdo...', 24)
#1 /opt/lampp/htdocs/cake-php/dewtouch-cakephp-test/lib/Cake/Core/App.php(933): ErrorHandler::handleError(64, 'Cannot use 'Str...', '/opt/lampp/htdo...', 24, Array)
#2 /opt/lampp/htdocs/cake-php/dewtouch-cakephp-test/lib/Cake/Core/App.php(906): App::_checkFatalError()
#3 [internal function]: App::shutdown()
#4 {main}
2020-04-04 15:29:35 Error: Fatal Error (64): Cannot use 'String' as class name as it is reserved in [/opt/lampp/htdocs/cake-php/dewtouch-cakephp-test/lib/Cake/Utility/String.php, line 24]
2020-04-04 15:29:35 Error: [FatalErrorException] Cannot use 'String' as class name as it is reserved
Stack Trace:
#0 /opt/lampp/htdocs/cake-php/dewtouch-cakephp-test/lib/Cake/Error/ErrorHandler.php(213): ErrorHandler::handleFatalError(64, 'Cannot use 'Str...', '/opt/lampp/htdo...', 24)
#1 /opt/lampp/htdocs/cake-php/dewtouch-cakephp-test/lib/Cake/Core/App.php(933): ErrorHandler::handleError(64, 'Cannot use 'Str...', '/opt/lampp/htdo...', 24, Array)
#2 /opt/lampp/htdocs/cake-php/dewtouch-cakephp-test/lib/Cake/Core/App.php(906): App::_checkFatalError()
#3 [internal function]: App::shutdown()
#4 {main}
2020-04-04 15:29:35 Error: Fatal Error (64): Cannot use 'String' as class name as it is reserved in [/opt/lampp/htdocs/cake-php/dewtouch-cakephp-test/lib/Cake/Utility/String.php, line 24]
2020-04-04 15:29:35 Error: [FatalErrorException] Cannot use 'String' as class name as it is reserved
Stack Trace:
#0 /opt/lampp/htdocs/cake-php/dewtouch-cakephp-test/lib/Cake/Error/ErrorHandler.php(213): ErrorHandler::handleFatalError(64, 'Cannot use 'Str...', '/opt/lampp/htdo...', 24)
#1 /opt/lampp/htdocs/cake-php/dewtouch-cakephp-test/lib/Cake/Core/App.php(933): ErrorHandler::handleError(64, 'Cannot use 'Str...', '/opt/lampp/htdo...', 24, Array)
#2 /opt/lampp/htdocs/cake-php/dewtouch-cakephp-test/lib/Cake/Core/App.php(906): App::_checkFatalError()
#3 [internal function]: App::shutdown()
#4 {main}
2020-04-04 15:29:35 Error: Fatal Error (64): Cannot use 'String' as class name as it is reserved in [/opt/lampp/htdocs/cake-php/dewtouch-cakephp-test/lib/Cake/Utility/String.php, line 24]
2020-04-04 15:29:35 Error: [FatalErrorException] Cannot use 'String' as class name as it is reserved
Stack Trace:
#0 /opt/lampp/htdocs/cake-php/dewtouch-cakephp-test/lib/Cake/Error/ErrorHandler.php(213): ErrorHandler::handleFatalError(64, 'Cannot use 'Str...', '/opt/lampp/htdo...', 24)
#1 /opt/lampp/htdocs/cake-php/dewtouch-cakephp-test/lib/Cake/Core/App.php(933): ErrorHandler::handleError(64, 'Cannot use 'Str...', '/opt/lampp/htdo...', 24, Array)
#2 /opt/lampp/htdocs/cake-php/dewtouch-cakephp-test/lib/Cake/Core/App.php(906): App::_checkFatalError()
#3 [internal function]: App::shutdown()
#4 {main}
2020-04-04 15:29:35 Error: Fatal Error (64): Cannot use 'String' as class name as it is reserved in [/opt/lampp/htdocs/cake-php/dewtouch-cakephp-test/lib/Cake/Utility/String.php, line 24]
2020-04-04 15:29:35 Error: [FatalErrorException] Cannot use 'String' as class name as it is reserved
Stack Trace:
#0 /opt/lampp/htdocs/cake-php/dewtouch-cakephp-test/lib/Cake/Error/ErrorHandler.php(213): ErrorHandler::handleFatalError(64, 'Cannot use 'Str...', '/opt/lampp/htdo...', 24)
#1 /opt/lampp/htdocs/cake-php/dewtouch-cakephp-test/lib/Cake/Core/App.php(933): ErrorHandler::handleError(64, 'Cannot use 'Str...', '/opt/lampp/htdo...', 24, Array)
#2 /opt/lampp/htdocs/cake-php/dewtouch-cakephp-test/lib/Cake/Core/App.php(906): App::_checkFatalError()
#3 [internal function]: App::shutdown()
#4 {main}
2020-04-04 15:29:36 Error: Fatal Error (64): Cannot use 'String' as class name as it is reserved in [/opt/lampp/htdocs/cake-php/dewtouch-cakephp-test/lib/Cake/Utility/String.php, line 24]
2020-04-04 15:29:36 Error: [FatalErrorException] Cannot use 'String' as class name as it is reserved
Stack Trace:
#0 /opt/lampp/htdocs/cake-php/dewtouch-cakephp-test/lib/Cake/Error/ErrorHandler.php(213): ErrorHandler::handleFatalError(64, 'Cannot use 'Str...', '/opt/lampp/htdo...', 24)
#1 /opt/lampp/htdocs/cake-php/dewtouch-cakephp-test/lib/Cake/Core/App.php(933): ErrorHandler::handleError(64, 'Cannot use 'Str...', '/opt/lampp/htdo...', 24, Array)
#2 /opt/lampp/htdocs/cake-php/dewtouch-cakephp-test/lib/Cake/Core/App.php(906): App::_checkFatalError()
#3 [internal function]: App::shutdown()
#4 {main}
2020-04-04 15:47:49 Error: Fatal Error (64): Cannot use 'String' as class name as it is reserved in [/opt/lampp/htdocs/cake-php/dewtouch-cakephp-test/lib/Cake/Utility/String.php, line 24]
2020-04-04 15:47:49 Error: [FatalErrorException] Cannot use 'String' as class name as it is reserved
Stack Trace:
#0 /opt/lampp/htdocs/cake-php/dewtouch-cakephp-test/lib/Cake/Error/ErrorHandler.php(213): ErrorHandler::handleFatalError(64, 'Cannot use 'Str...', '/opt/lampp/htdo...', 24)
#1 /opt/lampp/htdocs/cake-php/dewtouch-cakephp-test/lib/Cake/Core/App.php(933): ErrorHandler::handleError(64, 'Cannot use 'Str...', '/opt/lampp/htdo...', 24, Array)
#2 /opt/lampp/htdocs/cake-php/dewtouch-cakephp-test/lib/Cake/Core/App.php(906): App::_checkFatalError()
#3 [internal function]: App::shutdown()
#4 {main}
2020-04-04 15:47:50 Error: Fatal Error (64): Cannot use 'String' as class name as it is reserved in [/opt/lampp/htdocs/cake-php/dewtouch-cakephp-test/lib/Cake/Utility/String.php, line 24]
2020-04-04 15:47:50 Error: [FatalErrorException] Cannot use 'String' as class name as it is reserved
Stack Trace:
#0 /opt/lampp/htdocs/cake-php/dewtouch-cakephp-test/lib/Cake/Error/ErrorHandler.php(213): ErrorHandler::handleFatalError(64, 'Cannot use 'Str...', '/opt/lampp/htdo...', 24)
#1 /opt/lampp/htdocs/cake-php/dewtouch-cakephp-test/lib/Cake/Core/App.php(933): ErrorHandler::handleError(64, 'Cannot use 'Str...', '/opt/lampp/htdo...', 24, Array)
#2 /opt/lampp/htdocs/cake-php/dewtouch-cakephp-test/lib/Cake/Core/App.php(906): App::_checkFatalError()
#3 [internal function]: App::shutdown()
#4 {main}
2020-04-04 15:47:50 Error: Fatal Error (64): Cannot use 'String' as class name as it is reserved in [/opt/lampp/htdocs/cake-php/dewtouch-cakephp-test/lib/Cake/Utility/String.php, line 24]
2020-04-04 15:47:50 Error: [FatalErrorException] Cannot use 'String' as class name as it is reserved
Stack Trace:
#0 /opt/lampp/htdocs/cake-php/dewtouch-cakephp-test/lib/Cake/Error/ErrorHandler.php(213): ErrorHandler::handleFatalError(64, 'Cannot use 'Str...', '/opt/lampp/htdo...', 24)
#1 /opt/lampp/htdocs/cake-php/dewtouch-cakephp-test/lib/Cake/Core/App.php(933): ErrorHandler::handleError(64, 'Cannot use 'Str...', '/opt/lampp/htdo...', 24, Array)
#2 /opt/lampp/htdocs/cake-php/dewtouch-cakephp-test/lib/Cake/Core/App.php(906): App::_checkFatalError()
#3 [internal function]: App::shutdown()
#4 {main}
2020-04-04 15:47:50 Error: Fatal Error (64): Cannot use 'String' as class name as it is reserved in [/opt/lampp/htdocs/cake-php/dewtouch-cakephp-test/lib/Cake/Utility/String.php, line 24]
2020-04-04 15:47:50 Error: [FatalErrorException] Cannot use 'String' as class name as it is reserved
Stack Trace:
#0 /opt/lampp/htdocs/cake-php/dewtouch-cakephp-test/lib/Cake/Error/ErrorHandler.php(213): ErrorHandler::handleFatalError(64, 'Cannot use 'Str...', '/opt/lampp/htdo...', 24)
#1 /opt/lampp/htdocs/cake-php/dewtouch-cakephp-test/lib/Cake/Core/App.php(933): ErrorHandler::handleError(64, 'Cannot use 'Str...', '/opt/lampp/htdo...', 24, Array)
#2 /opt/lampp/htdocs/cake-php/dewtouch-cakephp-test/lib/Cake/Core/App.php(906): App::_checkFatalError()
#3 [internal function]: App::shutdown()
#4 {main}
2020-04-04 15:49:51 Error: Fatal Error (64): Cannot use 'String' as class name as it is reserved in [/opt/lampp/htdocs/cake-php/dewtouch-cakephp-test/lib/Cake/Utility/String.php, line 24]
2020-04-04 15:49:51 Error: [FatalErrorException] Cannot use 'String' as class name as it is reserved
Stack Trace:
#0 /opt/lampp/htdocs/cake-php/dewtouch-cakephp-test/lib/Cake/Error/ErrorHandler.php(213): ErrorHandler::handleFatalError(64, 'Cannot use 'Str...', '/opt/lampp/htdo...', 24)
#1 /opt/lampp/htdocs/cake-php/dewtouch-cakephp-test/lib/Cake/Core/App.php(933): ErrorHandler::handleError(64, 'Cannot use 'Str...', '/opt/lampp/htdo...', 24, Array)
#2 /opt/lampp/htdocs/cake-php/dewtouch-cakephp-test/lib/Cake/Core/App.php(906): App::_checkFatalError()
#3 [internal function]: App::shutdown()
#4 {main}
2020-04-04 15:51:18 Error: Fatal Error (64): Cannot use 'String' as class name as it is reserved in [/opt/lampp/htdocs/cake-php/dewtouch-cakephp-test/lib/Cake/Utility/String.php, line 24]
2020-04-04 15:51:18 Error: [FatalErrorException] Cannot use 'String' as class name as it is reserved
Stack Trace:
#0 /opt/lampp/htdocs/cake-php/dewtouch-cakephp-test/lib/Cake/Error/ErrorHandler.php(213): ErrorHandler::handleFatalError(64, 'Cannot use 'Str...', '/opt/lampp/htdo...', 24)
#1 /opt/lampp/htdocs/cake-php/dewtouch-cakephp-test/lib/Cake/Core/App.php(933): ErrorHandler::handleError(64, 'Cannot use 'Str...', '/opt/lampp/htdo...', 24, Array)
#2 /opt/lampp/htdocs/cake-php/dewtouch-cakephp-test/lib/Cake/Core/App.php(906): App::_checkFatalError()
#3 [internal function]: App::shutdown()
#4 {main}
2020-04-04 15:51:18 Error: Fatal Error (64): Cannot use 'String' as class name as it is reserved in [/opt/lampp/htdocs/cake-php/dewtouch-cakephp-test/lib/Cake/Utility/String.php, line 24]
2020-04-04 15:51:18 Error: [FatalErrorException] Cannot use 'String' as class name as it is reserved
Stack Trace:
#0 /opt/lampp/htdocs/cake-php/dewtouch-cakephp-test/lib/Cake/Error/ErrorHandler.php(213): ErrorHandler::handleFatalError(64, 'Cannot use 'Str...', '/opt/lampp/htdo...', 24)
#1 /opt/lampp/htdocs/cake-php/dewtouch-cakephp-test/lib/Cake/Core/App.php(933): ErrorHandler::handleError(64, 'Cannot use 'Str...', '/opt/lampp/htdo...', 24, Array)
#2 /opt/lampp/htdocs/cake-php/dewtouch-cakephp-test/lib/Cake/Core/App.php(906): App::_checkFatalError()
#3 [internal function]: App::shutdown()
#4 {main}
2020-04-04 15:51:18 Error: Fatal Error (64): Cannot use 'String' as class name as it is reserved in [/opt/lampp/htdocs/cake-php/dewtouch-cakephp-test/lib/Cake/Utility/String.php, line 24]
2020-04-04 15:51:18 Error: [FatalErrorException] Cannot use 'String' as class name as it is reserved
Stack Trace:
#0 /opt/lampp/htdocs/cake-php/dewtouch-cakephp-test/lib/Cake/Error/ErrorHandler.php(213): ErrorHandler::handleFatalError(64, 'Cannot use 'Str...', '/opt/lampp/htdo...', 24)
#1 /opt/lampp/htdocs/cake-php/dewtouch-cakephp-test/lib/Cake/Core/App.php(933): ErrorHandler::handleError(64, 'Cannot use 'Str...', '/opt/lampp/htdo...', 24, Array)
#2 /opt/lampp/htdocs/cake-php/dewtouch-cakephp-test/lib/Cake/Core/App.php(906): App::_checkFatalError()
#3 [internal function]: App::shutdown()
#4 {main}
2020-04-04 15:51:19 Error: Fatal Error (64): Cannot use 'String' as class name as it is reserved in [/opt/lampp/htdocs/cake-php/dewtouch-cakephp-test/lib/Cake/Utility/String.php, line 24]
2020-04-04 15:51:19 Error: [FatalErrorException] Cannot use 'String' as class name as it is reserved
Stack Trace:
#0 /opt/lampp/htdocs/cake-php/dewtouch-cakephp-test/lib/Cake/Error/ErrorHandler.php(213): ErrorHandler::handleFatalError(64, 'Cannot use 'Str...', '/opt/lampp/htdo...', 24)
#1 /opt/lampp/htdocs/cake-php/dewtouch-cakephp-test/lib/Cake/Core/App.php(933): ErrorHandler::handleError(64, 'Cannot use 'Str...', '/opt/lampp/htdo...', 24, Array)
#2 /opt/lampp/htdocs/cake-php/dewtouch-cakephp-test/lib/Cake/Core/App.php(906): App::_checkFatalError()
#3 [internal function]: App::shutdown()
#4 {main}
2020-04-04 15:51:19 Error: Fatal Error (64): Cannot use 'String' as class name as it is reserved in [/opt/lampp/htdocs/cake-php/dewtouch-cakephp-test/lib/Cake/Utility/String.php, line 24]
2020-04-04 15:51:19 Error: [FatalErrorException] Cannot use 'String' as class name as it is reserved
Stack Trace:
#0 /opt/lampp/htdocs/cake-php/dewtouch-cakephp-test/lib/Cake/Error/ErrorHandler.php(213): ErrorHandler::handleFatalError(64, 'Cannot use 'Str...', '/opt/lampp/htdo...', 24)
#1 /opt/lampp/htdocs/cake-php/dewtouch-cakephp-test/lib/Cake/Core/App.php(933): ErrorHandler::handleError(64, 'Cannot use 'Str...', '/opt/lampp/htdo...', 24, Array)
#2 /opt/lampp/htdocs/cake-php/dewtouch-cakephp-test/lib/Cake/Core/App.php(906): App::_checkFatalError()
#3 [internal function]: App::shutdown()
#4 {main}
2020-04-04 15:51:19 Error: Fatal Error (64): Cannot use 'String' as class name as it is reserved in [/opt/lampp/htdocs/cake-php/dewtouch-cakephp-test/lib/Cake/Utility/String.php, line 24]
2020-04-04 15:51:19 Error: [FatalErrorException] Cannot use 'String' as class name as it is reserved
Stack Trace:
#0 /opt/lampp/htdocs/cake-php/dewtouch-cakephp-test/lib/Cake/Error/ErrorHandler.php(213): ErrorHandler::handleFatalError(64, 'Cannot use 'Str...', '/opt/lampp/htdo...', 24)
#1 /opt/lampp/htdocs/cake-php/dewtouch-cakephp-test/lib/Cake/Core/App.php(933): ErrorHandler::handleError(64, 'Cannot use 'Str...', '/opt/lampp/htdo...', 24, Array)
#2 /opt/lampp/htdocs/cake-php/dewtouch-cakephp-test/lib/Cake/Core/App.php(906): App::_checkFatalError()
#3 [internal function]: App::shutdown()
#4 {main}
2020-04-04 15:51:19 Error: Fatal Error (64): Cannot use 'String' as class name as it is reserved in [/opt/lampp/htdocs/cake-php/dewtouch-cakephp-test/lib/Cake/Utility/String.php, line 24]
2020-04-04 15:51:19 Error: [FatalErrorException] Cannot use 'String' as class name as it is reserved
Stack Trace:
#0 /opt/lampp/htdocs/cake-php/dewtouch-cakephp-test/lib/Cake/Error/ErrorHandler.php(213): ErrorHandler::handleFatalError(64, 'Cannot use 'Str...', '/opt/lampp/htdo...', 24)
#1 /opt/lampp/htdocs/cake-php/dewtouch-cakephp-test/lib/Cake/Core/App.php(933): ErrorHandler::handleError(64, 'Cannot use 'Str...', '/opt/lampp/htdo...', 24, Array)
#2 /opt/lampp/htdocs/cake-php/dewtouch-cakephp-test/lib/Cake/Core/App.php(906): App::_checkFatalError()
#3 [internal function]: App::shutdown()
#4 {main}
2020-04-04 15:51:19 Error: Fatal Error (64): Cannot use 'String' as class name as it is reserved in [/opt/lampp/htdocs/cake-php/dewtouch-cakephp-test/lib/Cake/Utility/String.php, line 24]
2020-04-04 15:51:19 Error: [FatalErrorException] Cannot use 'String' as class name as it is reserved
Stack Trace:
#0 /opt/lampp/htdocs/cake-php/dewtouch-cakephp-test/lib/Cake/Error/ErrorHandler.php(213): ErrorHandler::handleFatalError(64, 'Cannot use 'Str...', '/opt/lampp/htdo...', 24)
#1 /opt/lampp/htdocs/cake-php/dewtouch-cakephp-test/lib/Cake/Core/App.php(933): ErrorHandler::handleError(64, 'Cannot use 'Str...', '/opt/lampp/htdo...', 24, Array)
#2 /opt/lampp/htdocs/cake-php/dewtouch-cakephp-test/lib/Cake/Core/App.php(906): App::_checkFatalError()
#3 [internal function]: App::shutdown()
#4 {main}
2020-04-04 15:51:20 Error: Fatal Error (64): Cannot use 'String' as class name as it is reserved in [/opt/lampp/htdocs/cake-php/dewtouch-cakephp-test/lib/Cake/Utility/String.php, line 24]
2020-04-04 15:51:20 Error: [FatalErrorException] Cannot use 'String' as class name as it is reserved
Stack Trace:
#0 /opt/lampp/htdocs/cake-php/dewtouch-cakephp-test/lib/Cake/Error/ErrorHandler.php(213): ErrorHandler::handleFatalError(64, 'Cannot use 'Str...', '/opt/lampp/htdo...', 24)
#1 /opt/lampp/htdocs/cake-php/dewtouch-cakephp-test/lib/Cake/Core/App.php(933): ErrorHandler::handleError(64, 'Cannot use 'Str...', '/opt/lampp/htdo...', 24, Array)
#2 /opt/lampp/htdocs/cake-php/dewtouch-cakephp-test/lib/Cake/Core/App.php(906): App::_checkFatalError()
#3 [internal function]: App::shutdown()
#4 {main}
2020-04-04 15:52:38 Error: Fatal Error (64): Cannot use 'String' as class name as it is reserved in [/opt/lampp/htdocs/cake-php/dewtouch-cakephp-test/lib/Cake/Utility/String.php, line 24]
2020-04-04 15:52:38 Error: [FatalErrorException] Cannot use 'String' as class name as it is reserved
Stack Trace:
#0 /opt/lampp/htdocs/cake-php/dewtouch-cakephp-test/lib/Cake/Error/ErrorHandler.php(213): ErrorHandler::handleFatalError(64, 'Cannot use 'Str...', '/opt/lampp/htdo...', 24)
#1 /opt/lampp/htdocs/cake-php/dewtouch-cakephp-test/lib/Cake/Core/App.php(933): ErrorHandler::handleError(64, 'Cannot use 'Str...', '/opt/lampp/htdo...', 24, Array)
#2 /opt/lampp/htdocs/cake-php/dewtouch-cakephp-test/lib/Cake/Core/App.php(906): App::_checkFatalError()
#3 [internal function]: App::shutdown()
#4 {main}
2020-04-04 15:52:38 Error: Fatal Error (64): Cannot use 'String' as class name as it is reserved in [/opt/lampp/htdocs/cake-php/dewtouch-cakephp-test/lib/Cake/Utility/String.php, line 24]
2020-04-04 15:52:38 Error: [FatalErrorException] Cannot use 'String' as class name as it is reserved
Stack Trace:
#0 /opt/lampp/htdocs/cake-php/dewtouch-cakephp-test/lib/Cake/Error/ErrorHandler.php(213): ErrorHandler::handleFatalError(64, 'Cannot use 'Str...', '/opt/lampp/htdo...', 24)
#1 /opt/lampp/htdocs/cake-php/dewtouch-cakephp-test/lib/Cake/Core/App.php(933): ErrorHandler::handleError(64, 'Cannot use 'Str...', '/opt/lampp/htdo...', 24, Array)
#2 /opt/lampp/htdocs/cake-php/dewtouch-cakephp-test/lib/Cake/Core/App.php(906): App::_checkFatalError()
#3 [internal function]: App::shutdown()
#4 {main}
2020-04-04 15:52:39 Error: Fatal Error (64): Cannot use 'String' as class name as it is reserved in [/opt/lampp/htdocs/cake-php/dewtouch-cakephp-test/lib/Cake/Utility/String.php, line 24]
2020-04-04 15:52:39 Error: [FatalErrorException] Cannot use 'String' as class name as it is reserved
Stack Trace:
#0 /opt/lampp/htdocs/cake-php/dewtouch-cakephp-test/lib/Cake/Error/ErrorHandler.php(213): ErrorHandler::handleFatalError(64, 'Cannot use 'Str...', '/opt/lampp/htdo...', 24)
#1 /opt/lampp/htdocs/cake-php/dewtouch-cakephp-test/lib/Cake/Core/App.php(933): ErrorHandler::handleError(64, 'Cannot use 'Str...', '/opt/lampp/htdo...', 24, Array)
#2 /opt/lampp/htdocs/cake-php/dewtouch-cakephp-test/lib/Cake/Core/App.php(906): App::_checkFatalError()
#3 [internal function]: App::shutdown()
#4 {main}
2020-04-04 15:52:39 Error: Fatal Error (64): Cannot use 'String' as class name as it is reserved in [/opt/lampp/htdocs/cake-php/dewtouch-cakephp-test/lib/Cake/Utility/String.php, line 24]
2020-04-04 15:52:39 Error: [FatalErrorException] Cannot use 'String' as class name as it is reserved
Stack Trace:
#0 /opt/lampp/htdocs/cake-php/dewtouch-cakephp-test/lib/Cake/Error/ErrorHandler.php(213): ErrorHandler::handleFatalError(64, 'Cannot use 'Str...', '/opt/lampp/htdo...', 24)
#1 /opt/lampp/htdocs/cake-php/dewtouch-cakephp-test/lib/Cake/Core/App.php(933): ErrorHandler::handleError(64, 'Cannot use 'Str...', '/opt/lampp/htdo...', 24, Array)
#2 /opt/lampp/htdocs/cake-php/dewtouch-cakephp-test/lib/Cake/Core/App.php(906): App::_checkFatalError()
#3 [internal function]: App::shutdown()
#4 {main}
2020-04-04 15:52:39 Error: Fatal Error (64): Cannot use 'String' as class name as it is reserved in [/opt/lampp/htdocs/cake-php/dewtouch-cakephp-test/lib/Cake/Utility/String.php, line 24]
2020-04-04 15:52:39 Error: [FatalErrorException] Cannot use 'String' as class name as it is reserved
Stack Trace:
#0 /opt/lampp/htdocs/cake-php/dewtouch-cakephp-test/lib/Cake/Error/ErrorHandler.php(213): ErrorHandler::handleFatalError(64, 'Cannot use 'Str...', '/opt/lampp/htdo...', 24)
#1 /opt/lampp/htdocs/cake-php/dewtouch-cakephp-test/lib/Cake/Core/App.php(933): ErrorHandler::handleError(64, 'Cannot use 'Str...', '/opt/lampp/htdo...', 24, Array)
#2 /opt/lampp/htdocs/cake-php/dewtouch-cakephp-test/lib/Cake/Core/App.php(906): App::_checkFatalError()
#3 [internal function]: App::shutdown()
#4 {main}
2020-04-04 15:52:39 Error: Fatal Error (64): Cannot use 'String' as class name as it is reserved in [/opt/lampp/htdocs/cake-php/dewtouch-cakephp-test/lib/Cake/Utility/String.php, line 24]
2020-04-04 15:52:39 Error: [FatalErrorException] Cannot use 'String' as class name as it is reserved
Stack Trace:
#0 /opt/lampp/htdocs/cake-php/dewtouch-cakephp-test/lib/Cake/Error/ErrorHandler.php(213): ErrorHandler::handleFatalError(64, 'Cannot use 'Str...', '/opt/lampp/htdo...', 24)
#1 /opt/lampp/htdocs/cake-php/dewtouch-cakephp-test/lib/Cake/Core/App.php(933): ErrorHandler::handleError(64, 'Cannot use 'Str...', '/opt/lampp/htdo...', 24, Array)
#2 /opt/lampp/htdocs/cake-php/dewtouch-cakephp-test/lib/Cake/Core/App.php(906): App::_checkFatalError()
#3 [internal function]: App::shutdown()
#4 {main}
2020-04-04 15:52:39 Error: Fatal Error (64): Cannot use 'String' as class name as it is reserved in [/opt/lampp/htdocs/cake-php/dewtouch-cakephp-test/lib/Cake/Utility/String.php, line 24]
2020-04-04 15:52:39 Error: [FatalErrorException] Cannot use 'String' as class name as it is reserved
Stack Trace:
#0 /opt/lampp/htdocs/cake-php/dewtouch-cakephp-test/lib/Cake/Error/ErrorHandler.php(213): ErrorHandler::handleFatalError(64, 'Cannot use 'Str...', '/opt/lampp/htdo...', 24)
#1 /opt/lampp/htdocs/cake-php/dewtouch-cakephp-test/lib/Cake/Core/App.php(933): ErrorHandler::handleError(64, 'Cannot use 'Str...', '/opt/lampp/htdo...', 24, Array)
#2 /opt/lampp/htdocs/cake-php/dewtouch-cakephp-test/lib/Cake/Core/App.php(906): App::_checkFatalError()
#3 [internal function]: App::shutdown()
#4 {main}
2020-04-04 15:52:40 Error: Fatal Error (64): Cannot use 'String' as class name as it is reserved in [/opt/lampp/htdocs/cake-php/dewtouch-cakephp-test/lib/Cake/Utility/String.php, line 24]
2020-04-04 15:52:40 Error: [FatalErrorException] Cannot use 'String' as class name as it is reserved
Stack Trace:
#0 /opt/lampp/htdocs/cake-php/dewtouch-cakephp-test/lib/Cake/Error/ErrorHandler.php(213): ErrorHandler::handleFatalError(64, 'Cannot use 'Str...', '/opt/lampp/htdo...', 24)
#1 /opt/lampp/htdocs/cake-php/dewtouch-cakephp-test/lib/Cake/Core/App.php(933): ErrorHandler::handleError(64, 'Cannot use 'Str...', '/opt/lampp/htdo...', 24, Array)
#2 /opt/lampp/htdocs/cake-php/dewtouch-cakephp-test/lib/Cake/Core/App.php(906): App::_checkFatalError()
#3 [internal function]: App::shutdown()
#4 {main}
2020-04-04 15:52:40 Error: Fatal Error (64): Cannot use 'String' as class name as it is reserved in [/opt/lampp/htdocs/cake-php/dewtouch-cakephp-test/lib/Cake/Utility/String.php, line 24]
2020-04-04 15:52:40 Error: [FatalErrorException] Cannot use 'String' as class name as it is reserved
Stack Trace:
#0 /opt/lampp/htdocs/cake-php/dewtouch-cakephp-test/lib/Cake/Error/ErrorHandler.php(213): ErrorHandler::handleFatalError(64, 'Cannot use 'Str...', '/opt/lampp/htdo...', 24)
#1 /opt/lampp/htdocs/cake-php/dewtouch-cakephp-test/lib/Cake/Core/App.php(933): ErrorHandler::handleError(64, 'Cannot use 'Str...', '/opt/lampp/htdo...', 24, Array)
#2 /opt/lampp/htdocs/cake-php/dewtouch-cakephp-test/lib/Cake/Core/App.php(906): App::_checkFatalError()
#3 [internal function]: App::shutdown()
#4 {main}
2020-04-04 15:52:40 Error: Fatal Error (64): Cannot use 'String' as class name as it is reserved in [/opt/lampp/htdocs/cake-php/dewtouch-cakephp-test/lib/Cake/Utility/String.php, line 24]
2020-04-04 15:52:40 Error: [FatalErrorException] Cannot use 'String' as class name as it is reserved
Stack Trace:
#0 /opt/lampp/htdocs/cake-php/dewtouch-cakephp-test/lib/Cake/Error/ErrorHandler.php(213): ErrorHandler::handleFatalError(64, 'Cannot use 'Str...', '/opt/lampp/htdo...', 24)
#1 /opt/lampp/htdocs/cake-php/dewtouch-cakephp-test/lib/Cake/Core/App.php(933): ErrorHandler::handleError(64, 'Cannot use 'Str...', '/opt/lampp/htdo...', 24, Array)
#2 /opt/lampp/htdocs/cake-php/dewtouch-cakephp-test/lib/Cake/Core/App.php(906): App::_checkFatalError()
#3 [internal function]: App::shutdown()
#4 {main}
2020-04-04 15:52:40 Error: Fatal Error (64): Cannot use 'String' as class name as it is reserved in [/opt/lampp/htdocs/cake-php/dewtouch-cakephp-test/lib/Cake/Utility/String.php, line 24]
2020-04-04 15:52:40 Error: [FatalErrorException] Cannot use 'String' as class name as it is reserved
Stack Trace:
#0 /opt/lampp/htdocs/cake-php/dewtouch-cakephp-test/lib/Cake/Error/ErrorHandler.php(213): ErrorHandler::handleFatalError(64, 'Cannot use 'Str...', '/opt/lampp/htdo...', 24)
#1 /opt/lampp/htdocs/cake-php/dewtouch-cakephp-test/lib/Cake/Core/App.php(933): ErrorHandler::handleError(64, 'Cannot use 'Str...', '/opt/lampp/htdo...', 24, Array)
#2 /opt/lampp/htdocs/cake-php/dewtouch-cakephp-test/lib/Cake/Core/App.php(906): App::_checkFatalError()
#3 [internal function]: App::shutdown()
#4 {main}
2020-04-04 17:02:05 Error: Fatal Error (64): Cannot use 'String' as class name as it is reserved in [/opt/lampp/htdocs/cake-php/dewtouch-cakephp-test/lib/Cake/Utility/String.php, line 24]
2020-04-04 17:02:05 Error: [FatalErrorException] Cannot use 'String' as class name as it is reserved
Stack Trace:
#0 /opt/lampp/htdocs/cake-php/dewtouch-cakephp-test/lib/Cake/Error/ErrorHandler.php(213): ErrorHandler::handleFatalError(64, 'Cannot use 'Str...', '/opt/lampp/htdo...', 24)
#1 /opt/lampp/htdocs/cake-php/dewtouch-cakephp-test/lib/Cake/Core/App.php(933): ErrorHandler::handleError(64, 'Cannot use 'Str...', '/opt/lampp/htdo...', 24, Array)
#2 /opt/lampp/htdocs/cake-php/dewtouch-cakephp-test/lib/Cake/Core/App.php(906): App::_checkFatalError()
#3 [internal function]: App::shutdown()
#4 {main}
2020-04-04 17:02:36 Error: Fatal Error (64): Cannot use 'String' as class name as it is reserved in [/opt/lampp/htdocs/cake-php/dewtouch-cakephp-test/lib/Cake/Utility/String.php, line 24]
2020-04-04 17:02:36 Error: [FatalErrorException] Cannot use 'String' as class name as it is reserved
Stack Trace:
#0 /opt/lampp/htdocs/cake-php/dewtouch-cakephp-test/lib/Cake/Error/ErrorHandler.php(213): ErrorHandler::handleFatalError(64, 'Cannot use 'Str...', '/opt/lampp/htdo...', 24)
#1 /opt/lampp/htdocs/cake-php/dewtouch-cakephp-test/lib/Cake/Core/App.php(933): ErrorHandler::handleError(64, 'Cannot use 'Str...', '/opt/lampp/htdo...', 24, Array)
#2 /opt/lampp/htdocs/cake-php/dewtouch-cakephp-test/lib/Cake/Core/App.php(906): App::_checkFatalError()
#3 [internal function]: App::shutdown()
#4 {main}
2020-04-04 17:02:37 Error: Fatal Error (64): Cannot use 'String' as class name as it is reserved in [/opt/lampp/htdocs/cake-php/dewtouch-cakephp-test/lib/Cake/Utility/String.php, line 24]
2020-04-04 17:02:37 Error: [FatalErrorException] Cannot use 'String' as class name as it is reserved
Stack Trace:
#0 /opt/lampp/htdocs/cake-php/dewtouch-cakephp-test/lib/Cake/Error/ErrorHandler.php(213): ErrorHandler::handleFatalError(64, 'Cannot use 'Str...', '/opt/lampp/htdo...', 24)
#1 /opt/lampp/htdocs/cake-php/dewtouch-cakephp-test/lib/Cake/Core/App.php(933): ErrorHandler::handleError(64, 'Cannot use 'Str...', '/opt/lampp/htdo...', 24, Array)
#2 /opt/lampp/htdocs/cake-php/dewtouch-cakephp-test/lib/Cake/Core/App.php(906): App::_checkFatalError()
#3 [internal function]: App::shutdown()
#4 {main}
2020-04-04 17:05:10 Error: Fatal Error (64): Cannot use 'String' as class name as it is reserved in [/opt/lampp/htdocs/cake-php/dewtouch-cakephp-test/lib/Cake/Utility/String.php, line 24]
2020-04-04 17:05:10 Error: [FatalErrorException] Cannot use 'String' as class name as it is reserved
Stack Trace:
#0 /opt/lampp/htdocs/cake-php/dewtouch-cakephp-test/lib/Cake/Error/ErrorHandler.php(213): ErrorHandler::handleFatalError(64, 'Cannot use 'Str...', '/opt/lampp/htdo...', 24)
#1 /opt/lampp/htdocs/cake-php/dewtouch-cakephp-test/lib/Cake/Core/App.php(933): ErrorHandler::handleError(64, 'Cannot use 'Str...', '/opt/lampp/htdo...', 24, Array)
#2 /opt/lampp/htdocs/cake-php/dewtouch-cakephp-test/lib/Cake/Core/App.php(906): App::_checkFatalError()
#3 [internal function]: App::shutdown()
#4 {main}
2020-04-04 17:05:11 Error: Fatal Error (64): Cannot use 'String' as class name as it is reserved in [/opt/lampp/htdocs/cake-php/dewtouch-cakephp-test/lib/Cake/Utility/String.php, line 24]
2020-04-04 17:05:11 Error: [FatalErrorException] Cannot use 'String' as class name as it is reserved
Stack Trace:
#0 /opt/lampp/htdocs/cake-php/dewtouch-cakephp-test/lib/Cake/Error/ErrorHandler.php(213): ErrorHandler::handleFatalError(64, 'Cannot use 'Str...', '/opt/lampp/htdo...', 24)
#1 /opt/lampp/htdocs/cake-php/dewtouch-cakephp-test/lib/Cake/Core/App.php(933): ErrorHandler::handleError(64, 'Cannot use 'Str...', '/opt/lampp/htdo...', 24, Array)
#2 /opt/lampp/htdocs/cake-php/dewtouch-cakephp-test/lib/Cake/Core/App.php(906): App::_checkFatalError()
#3 [internal function]: App::shutdown()
#4 {main}
2020-04-04 17:05:20 Error: Fatal Error (64): Cannot use 'String' as class name as it is reserved in [/opt/lampp/htdocs/cake-php/dewtouch-cakephp-test/lib/Cake/Utility/String.php, line 24]
2020-04-04 17:05:20 Error: [FatalErrorException] Cannot use 'String' as class name as it is reserved
Stack Trace:
#0 /opt/lampp/htdocs/cake-php/dewtouch-cakephp-test/lib/Cake/Error/ErrorHandler.php(213): ErrorHandler::handleFatalError(64, 'Cannot use 'Str...', '/opt/lampp/htdo...', 24)
#1 /opt/lampp/htdocs/cake-php/dewtouch-cakephp-test/lib/Cake/Core/App.php(933): ErrorHandler::handleError(64, 'Cannot use 'Str...', '/opt/lampp/htdo...', 24, Array)
#2 /opt/lampp/htdocs/cake-php/dewtouch-cakephp-test/lib/Cake/Core/App.php(906): App::_checkFatalError()
#3 [internal function]: App::shutdown()
#4 {main}
2020-04-04 18:39:25 Error: Fatal Error (1): Class 'CakeObject' not found in [/opt/lampp/htdocs/cakephp/dewtouch-cakephp-test/lib/Cake/Controller/Controller.php, line 57]
2020-04-04 18:39:25 Error: [FatalErrorException] Class 'CakeObject' not found
Request URL: /cakephp/dewtouch-cakephp-test/
Stack Trace:
#0 /opt/lampp/htdocs/cakephp/dewtouch-cakephp-test/lib/Cake/Error/ErrorHandler.php(213): ErrorHandler::handleFatalError(1, 'Class 'CakeObje...', '/opt/lampp/htdo...', 57)
#1 [internal function]: ErrorHandler::handleError(1, 'Class 'CakeObje...', '/opt/lampp/htdo...', 57, Array)
#2 /opt/lampp/htdocs/cakephp/dewtouch-cakephp-test/lib/Cake/Core/App.php(933): call_user_func('ErrorHandler::h...', 1, 'Class 'CakeObje...', '/opt/lampp/htdo...', 57, Array)
#3 /opt/lampp/htdocs/cakephp/dewtouch-cakephp-test/lib/Cake/Core/App.php(906): App::_checkFatalError()
#4 [internal function]: App::shutdown()
#5 {main}
2020-04-04 18:39:25 Error: Fatal Error (1): Class 'CakeObject' not found in [/opt/lampp/htdocs/cakephp/dewtouch-cakephp-test/lib/Cake/Controller/Controller.php, line 57]
2020-04-04 18:39:25 Error: [FatalErrorException] Class 'CakeObject' not found
Request URL: /cakephp/dewtouch-cakephp-test/
Stack Trace:
#0 /opt/lampp/htdocs/cakephp/dewtouch-cakephp-test/lib/Cake/Error/ErrorHandler.php(213): ErrorHandler::handleFatalError(1, 'Class 'CakeObje...', '/opt/lampp/htdo...', 57)
#1 [internal function]: ErrorHandler::handleError(1, 'Class 'CakeObje...', '/opt/lampp/htdo...', 57, Array)
#2 /opt/lampp/htdocs/cakephp/dewtouch-cakephp-test/lib/Cake/Core/App.php(933): call_user_func('ErrorHandler::h...', 1, 'Class 'CakeObje...', '/opt/lampp/htdo...', 57, Array)
#3 /opt/lampp/htdocs/cakephp/dewtouch-cakephp-test/lib/Cake/Core/App.php(906): App::_checkFatalError()
#4 [internal function]: App::shutdown()
#5 {main}
2020-04-04 18:39:27 Error: Fatal Error (1): Class 'CakeObject' not found in [/opt/lampp/htdocs/cakephp/dewtouch-cakephp-test/lib/Cake/Controller/Controller.php, line 57]
2020-04-04 18:39:27 Error: [FatalErrorException] Class 'CakeObject' not found
Request URL: /cakephp/dewtouch-cakephp-test/
Stack Trace:
#0 /opt/lampp/htdocs/cakephp/dewtouch-cakephp-test/lib/Cake/Error/ErrorHandler.php(213): ErrorHandler::handleFatalError(1, 'Class 'CakeObje...', '/opt/lampp/htdo...', 57)
#1 [internal function]: ErrorHandler::handleError(1, 'Class 'CakeObje...', '/opt/lampp/htdo...', 57, Array)
#2 /opt/lampp/htdocs/cakephp/dewtouch-cakephp-test/lib/Cake/Core/App.php(933): call_user_func('ErrorHandler::h...', 1, 'Class 'CakeObje...', '/opt/lampp/htdo...', 57, Array)
#3 /opt/lampp/htdocs/cakephp/dewtouch-cakephp-test/lib/Cake/Core/App.php(906): App::_checkFatalError()
#4 [internal function]: App::shutdown()
#5 {main}
2020-04-04 18:39:28 Error: Fatal Error (1): Class 'CakeObject' not found in [/opt/lampp/htdocs/cakephp/dewtouch-cakephp-test/lib/Cake/Controller/Controller.php, line 57]
2020-04-04 18:39:28 Error: [FatalErrorException] Class 'CakeObject' not found
Request URL: /cakephp/dewtouch-cakephp-test/
Stack Trace:
#0 /opt/lampp/htdocs/cakephp/dewtouch-cakephp-test/lib/Cake/Error/ErrorHandler.php(213): ErrorHandler::handleFatalError(1, 'Class 'CakeObje...', '/opt/lampp/htdo...', 57)
#1 [internal function]: ErrorHandler::handleError(1, 'Class 'CakeObje...', '/opt/lampp/htdo...', 57, Array)
#2 /opt/lampp/htdocs/cakephp/dewtouch-cakephp-test/lib/Cake/Core/App.php(933): call_user_func('ErrorHandler::h...', 1, 'Class 'CakeObje...', '/opt/lampp/htdo...', 57, Array)
#3 /opt/lampp/htdocs/cakephp/dewtouch-cakephp-test/lib/Cake/Core/App.php(906): App::_checkFatalError()
#4 [internal function]: App::shutdown()
#5 {main}
